#
# There is insufficient memory for the Java Runtime Environment to continue.
# Native memory allocation (malloc) failed to allocate 767440 bytes for Chunk::new
# Possible reasons:
#   The system is out of physical RAM or swap space
#   The process is running with CompressedOops enabled, and the Java Heap may be blocking the growth of the native heap
# Possible solutions:
#   Reduce memory load on the system
#   Increase physical memory or swap space
#   Check if swap backing store is full
#   Decrease Java heap size (-Xmx/-Xms)
#   Decrease number of Java threads
#   Decrease Java thread stack sizes (-Xss)
#   Set larger code cache with -XX:ReservedCodeCacheSize=
#   JVM is running with Unscaled Compressed Oops mode in which the Java heap is
#     placed in the first 4GB address space. The Java Heap base address is the
#     maximum limit for the native heap growth. Please use -XX:HeapBaseMinAddress
#     to set the Java Heap base and to place the Java Heap above 4GB virtual address.
# This output file may be truncated or incomplete.
#
#  Out of Memory Error (t:/workspace/open/src/hotspot/share/memory/arena.cpp:196), pid=12804, tid=10404
#
# JRE version: Java(TM) SE Runtime Environment (13.0.2+8) (build 13.0.2+8)
# Java VM: Java HotSpot(TM) 64-Bit Server VM (13.0.2+8, mixed mode, sharing, tiered, compressed oops, g1 gc, windows-amd64)
# No core dump will be written. Minidumps are not enabled by default on client versions of Windows
#

---------------  S U M M A R Y ------------

Command Line: -XX:MaxMetaspaceSize=512m --add-opens=java.base/java.util=ALL-UNNAMED --add-opens=java.base/java.lang=ALL-UNNAMED --add-opens=java.base/java.lang.invoke=ALL-UNNAMED --add-opens=java.base/java.util=ALL-UNNAMED --add-opens=java.prefs/java.util.prefs=ALL-UNNAMED --add-opens=java.prefs/java.util.prefs=ALL-UNNAMED --add-opens=java.base/java.nio.charset=ALL-UNNAMED --add-opens=java.base/java.net=ALL-UNNAMED --add-opens=java.base/java.util.concurrent.atomic=ALL-UNNAMED -Xmx2048m -Dfile.encoding=windows-1254 -Duser.country=TR -Duser.language=tr -Duser.variant org.gradle.launcher.daemon.bootstrap.GradleDaemon 7.5.1

Host: Intel(R) Core(TM) i5-8250U CPU @ 1.60GHz, 8 cores, 7G,  Windows 10 , 64 bit Build 22621 (10.0.22621.1485)
Time: Tue May  9 16:25:01 2023 Türkiye Standart Saati elapsed time: 56 seconds (0d 0h 0m 56s)

---------------  T H R E A D  ---------------

Current thread (0x00000177521b6000):  JavaThread "C2 CompilerThread1" daemon [_thread_in_native, id=10404, stack(0x000000711bc00000,0x000000711bd00000)]


Current CompileTask:
C2:  56680 10191       4       java.beans.MethodRef::set (58 bytes)

Stack: [0x000000711bc00000,0x000000711bd00000]
Native frames: (J=compiled Java code, j=interpreted, Vv=VM code, C=native code)
V  [jvm.dll+0x624f9a]
V  [jvm.dll+0x770cfa]
V  [jvm.dll+0x7724af]
V  [jvm.dll+0x772ab3]
V  [jvm.dll+0x24bf08]
V  [jvm.dll+0xc1e47]
V  [jvm.dll+0xc23cc]
V  [jvm.dll+0x35c0c5]
V  [jvm.dll+0x19efab]
V  [jvm.dll+0x205d36]
V  [jvm.dll+0x204e3f]
V  [jvm.dll+0x189c2c]
V  [jvm.dll+0x213e6d]
V  [jvm.dll+0x2120bb]
V  [jvm.dll+0x736bb6]
V  [jvm.dll+0x72fcaa]
V  [jvm.dll+0x623ea6]
C  [ucrtbase.dll+0x29363]
C  [KERNEL32.DLL+0x1269d]
C  [ntdll.dll+0x5a9f8]


---------------  P R O C E S S  ---------------

Threads class SMR info:
_java_thread_list=0x000001775554f210, length=136, elements={
0x000001772cd64800, 0x000001774dc95800, 0x000001774dc98800, 0x000001774dcb3000,
0x000001774dcb4000, 0x000001774dcb5000, 0x000001774dcb6800, 0x000001774dcba000,
0x000001774e70d800, 0x000001774e738800, 0x00000177501d9800, 0x0000017750412800,
0x0000017750396800, 0x000001774eadb000, 0x000001774fcb6000, 0x000001774f7b1800,
0x00000177502dc800, 0x00000177502d3000, 0x000001774e61f000, 0x00000177504f5800,
0x000001774e696000, 0x000001774e699800, 0x000001774e69a000, 0x000001774e69b000,
0x000001774e697000, 0x000001774e697800, 0x000001774e695000, 0x000001774e698800,
0x000001774e69c000, 0x0000017750219000, 0x000001775021a800, 0x000001775021c800,
0x000001775021b800, 0x0000017750218800, 0x0000017750220800, 0x0000017750221800,
0x000001775021f800, 0x000001775021f000, 0x0000017750223000, 0x0000017750222000,
0x0000017750223800, 0x0000017750224800, 0x0000017750225800, 0x0000017750227000,
0x0000017750226000, 0x000001775375f000, 0x0000017753760000, 0x0000017753763800,
0x0000017753762800, 0x0000017753766000, 0x0000017753764000, 0x0000017753766800,
0x0000017753761000, 0x0000017753765000, 0x0000017753761800, 0x000001775376d000,
0x000001775376a000, 0x0000017753767800, 0x000001775376e000, 0x0000017753768000,
0x000001775376b800, 0x000001775376c800, 0x0000017753769000, 0x000001775376a800,
0x00000177536b9000, 0x00000177536bb000, 0x00000177536bc800, 0x00000177536bd000,
0x00000177536ba000, 0x00000177536bb800, 0x00000177536b7800, 0x00000177536be000,
0x00000177536b8800, 0x00000177536c4800, 0x00000177536c2000, 0x00000177536bf000,
0x00000177536c5800, 0x00000177536c6000, 0x00000177536c3000, 0x00000177536c4000,
0x00000177536c0800, 0x00000177536c1800, 0x000001774f1b8000, 0x000001774f1b6800,
0x000001774f1b7000, 0x000001774f1b9000, 0x000001774f1b5800, 0x000001774f1b9800,
0x000001774f1b4800, 0x000001774f1bf800, 0x000001774f1ba800, 0x000001774f1bc000,
0x000001774f1bd800, 0x000001774f1bd000, 0x000001774f1be800, 0x000001774f1c0000,
0x000001774f1c1000, 0x000001774f1bb800, 0x000001774f1c2000, 0x000001774f1c2800,
0x000001774f1c3800, 0x000001774eb46800, 0x000001774eb47000, 0x000001774eb45800,
0x000001774eb42800, 0x000001774eb44000, 0x000001774eb48000, 0x000001774eb49000,
0x000001774eb43000, 0x000001774eb45000, 0x000001774eb4b800, 0x000001774eb4c000,
0x000001774eb49800, 0x000001774eb4e800, 0x000001774eb4d000, 0x000001774eb4f800,
0x000001774eb4e000, 0x000001774eb50000, 0x000001774eb4a800, 0x000001774eb51000,
0x0000017756ab6800, 0x0000017756aba800, 0x0000017756ab7800, 0x0000017756aba000,
0x0000017756ab6000, 0x0000017756abb800, 0x0000017756abd000, 0x0000017756ab8000,
0x0000017756abe000, 0x0000017756abc800, 0x0000017756ab9000, 0x0000017756abf000,
0x0000017756ac4800, 0x0000017756ac3800, 0x00000177521b6000, 0x000001775365e000
}

Java Threads: ( => current thread )
  0x000001772cd64800 JavaThread "main" [_thread_blocked, id=16428, stack(0x0000007115d00000,0x0000007115e00000)]
  0x000001774dc95800 JavaThread "Reference Handler" daemon [_thread_blocked, id=2576, stack(0x0000007116400000,0x0000007116500000)]
  0x000001774dc98800 JavaThread "Finalizer" daemon [_thread_blocked, id=10108, stack(0x0000007116500000,0x0000007116600000)]
  0x000001774dcb3000 JavaThread "Signal Dispatcher" daemon [_thread_blocked, id=1328, stack(0x0000007116600000,0x0000007116700000)]
  0x000001774dcb4000 JavaThread "Attach Listener" daemon [_thread_blocked, id=12656, stack(0x0000007116700000,0x0000007116800000)]
  0x000001774dcb5000 JavaThread "C2 CompilerThread0" daemon [_thread_in_native, id=14508, stack(0x0000007116800000,0x0000007116900000)]
  0x000001774dcb6800 JavaThread "C1 CompilerThread0" daemon [_thread_blocked, id=11788, stack(0x0000007116900000,0x0000007116a00000)]
  0x000001774dcba000 JavaThread "Sweeper thread" daemon [_thread_blocked, id=15332, stack(0x0000007116a00000,0x0000007116b00000)]
  0x000001774e70d800 JavaThread "Common-Cleaner" daemon [_thread_blocked, id=13816, stack(0x0000007116b00000,0x0000007116c00000)]
  0x000001774e738800 JavaThread "Service Thread" daemon [_thread_blocked, id=6672, stack(0x0000007116c00000,0x0000007116d00000)]
  0x00000177501d9800 JavaThread "Daemon health stats" [_thread_blocked, id=12220, stack(0x0000007117100000,0x0000007117200000)]
  0x0000017750412800 JavaThread "Incoming local TCP Connector on port 51883" [_thread_in_native, id=620, stack(0x0000007116e00000,0x0000007116f00000)]
  0x0000017750396800 JavaThread "Daemon periodic checks" [_thread_blocked, id=15172, stack(0x0000007117200000,0x0000007117300000)]
  0x000001774eadb000 JavaThread "Daemon" [_thread_blocked, id=15724, stack(0x0000007117300000,0x0000007117400000)]
  0x000001774fcb6000 JavaThread "Handler for socket connection from /127.0.0.1:51883 to /127.0.0.1:51885" [_thread_in_native, id=3740, stack(0x0000007117400000,0x0000007117500000)]
  0x000001774f7b1800 JavaThread "Cancel handler" [_thread_blocked, id=13432, stack(0x0000007117500000,0x0000007117600000)]
  0x00000177502dc800 JavaThread "Daemon worker" [_thread_blocked, id=10060, stack(0x0000007117600000,0x0000007117700000)]
  0x00000177502d3000 JavaThread "Asynchronous log dispatcher for DefaultDaemonConnection: socket connection from /127.0.0.1:51883 to /127.0.0.1:51885" [_thread_blocked, id=7696, stack(0x0000007117700000,0x0000007117800000)]
  0x000001774e61f000 JavaThread "Stdin handler" [_thread_blocked, id=5192, stack(0x0000007117800000,0x0000007117900000)]
  0x00000177504f5800 JavaThread "Daemon client event forwarder" [_thread_blocked, id=17260, stack(0x0000007117900000,0x0000007117a00000)]
  0x000001774e696000 JavaThread "Cache worker for journal cache (C:\Users\ElifEylul\.gradle\caches\journal-1)" [_thread_blocked, id=12344, stack(0x0000007118000000,0x0000007118100000)]
  0x000001774e699800 JavaThread "File lock request listener" [_thread_in_native, id=7380, stack(0x0000007118100000,0x0000007118200000)]
  0x000001774e69a000 JavaThread "Cache worker for file hash cache (C:\Users\ElifEylul\.gradle\caches\7.5.1\fileHashes)" [_thread_blocked, id=16992, stack(0x0000007118200000,0x0000007118300000)]
  0x000001774e69b000 JavaThread "File watcher server" daemon [_thread_in_native, id=5240, stack(0x0000007118300000,0x0000007118400000)]
  0x000001774e697000 JavaThread "File watcher consumer" daemon [_thread_blocked, id=10272, stack(0x0000007118400000,0x0000007118500000)]
  0x000001774e697800 JavaThread "Cache worker for checksums cache (C:\Users\ElifEylul\reactNativeP\tezProjesi\android\.gradle\7.5.1\checksums)" [_thread_blocked, id=13056, stack(0x0000007118500000,0x0000007118600000)]
  0x000001774e695000 JavaThread "Cache worker for cache directory md-rule (C:\Users\ElifEylul\.gradle\caches\7.5.1\md-rule)" [_thread_blocked, id=2392, stack(0x0000007118600000,0x0000007118700000)]
  0x000001774e698800 JavaThread "Cache worker for file content cache (C:\Users\ElifEylul\.gradle\caches\7.5.1\fileContent)" [_thread_blocked, id=13776, stack(0x0000007118700000,0x0000007118800000)]
  0x000001774e69c000 JavaThread "Cache worker for file hash cache (C:\Users\ElifEylul\reactNativeP\tezProjesi\android\.gradle\7.5.1\fileHashes)" [_thread_blocked, id=13176, stack(0x0000007118900000,0x0000007118a00000)]
  0x0000017750219000 JavaThread "Cache worker for cache directory md-supplier (C:\Users\ElifEylul\.gradle\caches\7.5.1\md-supplier)" [_thread_blocked, id=5540, stack(0x0000007118a00000,0x0000007118b00000)]
  0x000001775021a800 JavaThread "Cache worker for execution history cache (C:\Users\ElifEylul\.gradle\caches\7.5.1\executionHistory)" [_thread_blocked, id=9728, stack(0x0000007118b00000,0x0000007118c00000)]
  0x000001775021c800 JavaThread "jar transforms" [_thread_blocked, id=1232, stack(0x0000007118c00000,0x0000007118d00000)]
  0x000001775021b800 JavaThread "jar transforms Thread 2" [_thread_blocked, id=8356, stack(0x0000007118d00000,0x0000007118e00000)]
  0x0000017750218800 JavaThread "jar transforms Thread 3" [_thread_blocked, id=1972, stack(0x0000007118e00000,0x0000007118f00000)]
  0x0000017750220800 JavaThread "jar transforms Thread 4" [_thread_blocked, id=12056, stack(0x0000007118f00000,0x0000007119000000)]
  0x0000017750221800 JavaThread "Cache worker for kotlin-dsl (C:\Users\ElifEylul\.gradle\caches\7.5.1\kotlin-dsl)" [_thread_blocked, id=15736, stack(0x0000007119100000,0x0000007119200000)]
  0x000001775021f800 JavaThread "jar transforms Thread 5" [_thread_blocked, id=9972, stack(0x0000007119300000,0x0000007119400000)]
  0x000001775021f000 JavaThread "jar transforms Thread 6" [_thread_blocked, id=2212, stack(0x0000007119400000,0x0000007119500000)]
  0x0000017750223000 JavaThread "Cache worker for dependencies-accessors (C:\Users\ElifEylul\reactNativeP\tezProjesi\android\.gradle\7.5.1\dependencies-accessors)" [_thread_blocked, id=13428, stack(0x0000007119500000,0x0000007119600000)]
  0x0000017750222000 JavaThread "Cache worker for Build Output Cleanup Cache (C:\Users\ElifEylul\reactNativeP\tezProjesi\node_modules\react-native-gradle-plugin\.gradle\buildOutputCleanup)" [_thread_blocked, id=15136, stack(0x0000007119000000,0x0000007119100000)]
  0x0000017750223800 JavaThread "jar transforms Thread 7" [_thread_blocked, id=6908, stack(0x0000007119600000,0x0000007119700000)]
  0x0000017750224800 JavaThread "Unconstrained build operations" [_thread_blocked, id=6676, stack(0x0000007119200000,0x0000007119300000)]
  0x0000017750225800 JavaThread "Unconstrained build operations Thread 2" [_thread_blocked, id=16356, stack(0x0000007119700000,0x0000007119800000)]
  0x0000017750227000 JavaThread "Unconstrained build operations Thread 3" [_thread_blocked, id=1608, stack(0x0000007119b00000,0x0000007119c00000)]
  0x0000017750226000 JavaThread "Unconstrained build operations Thread 4" [_thread_blocked, id=6692, stack(0x0000007119c00000,0x0000007119d00000)]
  0x000001775375f000 JavaThread "Unconstrained build operations Thread 5" [_thread_blocked, id=5124, stack(0x0000007119d00000,0x0000007119e00000)]
  0x0000017753760000 JavaThread "Unconstrained build operations Thread 6" [_thread_blocked, id=14960, stack(0x0000007119e00000,0x0000007119f00000)]
  0x0000017753763800 JavaThread "Unconstrained build operations Thread 7" [_thread_blocked, id=15828, stack(0x0000007119f00000,0x000000711a000000)]
  0x0000017753762800 JavaThread "Unconstrained build operations Thread 8" [_thread_blocked, id=11488, stack(0x000000711a000000,0x000000711a100000)]
  0x0000017753766000 JavaThread "Unconstrained build operations Thread 9" [_thread_blocked, id=15184, stack(0x000000711a100000,0x000000711a200000)]
  0x0000017753764000 JavaThread "Unconstrained build operations Thread 10" [_thread_blocked, id=15488, stack(0x000000711a200000,0x000000711a300000)]
  0x0000017753766800 JavaThread "Unconstrained build operations Thread 11" [_thread_blocked, id=7512, stack(0x000000711a300000,0x000000711a400000)]
  0x0000017753761000 JavaThread "Unconstrained build operations Thread 12" [_thread_blocked, id=3004, stack(0x000000711a400000,0x000000711a500000)]
  0x0000017753765000 JavaThread "Unconstrained build operations Thread 13" [_thread_blocked, id=1492, stack(0x000000711a500000,0x000000711a600000)]
  0x0000017753761800 JavaThread "Unconstrained build operations Thread 14" [_thread_blocked, id=16636, stack(0x000000711a600000,0x000000711a700000)]
  0x000001775376d000 JavaThread "Unconstrained build operations Thread 15" [_thread_blocked, id=14400, stack(0x000000711a700000,0x000000711a800000)]
  0x000001775376a000 JavaThread "Unconstrained build operations Thread 16" [_thread_blocked, id=9112, stack(0x000000711a800000,0x000000711a900000)]
  0x0000017753767800 JavaThread "Unconstrained build operations Thread 17" [_thread_blocked, id=14804, stack(0x000000711a900000,0x000000711aa00000)]
  0x000001775376e000 JavaThread "Unconstrained build operations Thread 18" [_thread_blocked, id=17072, stack(0x000000711aa00000,0x000000711ab00000)]
  0x0000017753768000 JavaThread "Unconstrained build operations Thread 19" [_thread_blocked, id=16176, stack(0x000000711ab00000,0x000000711ac00000)]
  0x000001775376b800 JavaThread "Unconstrained build operations Thread 20" [_thread_blocked, id=3644, stack(0x000000711ac00000,0x000000711ad00000)]
  0x000001775376c800 JavaThread "Unconstrained build operations Thread 21" [_thread_blocked, id=14520, stack(0x000000711ad00000,0x000000711ae00000)]
  0x0000017753769000 JavaThread "Unconstrained build operations Thread 22" [_thread_blocked, id=13788, stack(0x000000711ae00000,0x000000711af00000)]
  0x000001775376a800 JavaThread "Unconstrained build operations Thread 23" [_thread_blocked, id=8828, stack(0x000000711af00000,0x000000711b000000)]
  0x00000177536b9000 JavaThread "Unconstrained build operations Thread 24" [_thread_blocked, id=16896, stack(0x000000711b000000,0x000000711b100000)]
  0x00000177536bb000 JavaThread "Unconstrained build operations Thread 25" [_thread_blocked, id=5772, stack(0x000000711b100000,0x000000711b200000)]
  0x00000177536bc800 JavaThread "Unconstrained build operations Thread 26" [_thread_blocked, id=16328, stack(0x000000711b200000,0x000000711b300000)]
  0x00000177536bd000 JavaThread "Unconstrained build operations Thread 27" [_thread_blocked, id=4208, stack(0x000000711b300000,0x000000711b400000)]
  0x00000177536ba000 JavaThread "Unconstrained build operations Thread 28" [_thread_blocked, id=6736, stack(0x000000711b400000,0x000000711b500000)]
  0x00000177536bb800 JavaThread "Unconstrained build operations Thread 29" [_thread_blocked, id=1052, stack(0x000000711b500000,0x000000711b600000)]
  0x00000177536b7800 JavaThread "Unconstrained build operations Thread 30" [_thread_blocked, id=16240, stack(0x000000711b600000,0x000000711b700000)]
  0x00000177536be000 JavaThread "Unconstrained build operations Thread 31" [_thread_blocked, id=2432, stack(0x000000711b700000,0x000000711b800000)]
  0x00000177536b8800 JavaThread "Unconstrained build operations Thread 32" [_thread_blocked, id=3288, stack(0x000000711b800000,0x000000711b900000)]
  0x00000177536c4800 JavaThread "Unconstrained build operations Thread 33" [_thread_blocked, id=2968, stack(0x000000711b900000,0x000000711ba00000)]
  0x00000177536c2000 JavaThread "jar transforms Thread 8" [_thread_blocked, id=6200, stack(0x000000711ba00000,0x000000711bb00000)]
  0x00000177536bf000 JavaThread "build event listener" [_thread_blocked, id=1224, stack(0x000000711bb00000,0x000000711bc00000)]
  0x00000177536c5800 JavaThread "Memory manager" [_thread_blocked, id=7692, stack(0x000000711be00000,0x000000711bf00000)]
  0x00000177536c6000 JavaThread "Cache worker for Build Output Cleanup Cache (C:\Users\ElifEylul\reactNativeP\tezProjesi\android\.gradle\buildOutputCleanup)" [_thread_blocked, id=3844, stack(0x000000711bf00000,0x000000711c000000)]
  0x00000177536c3000 JavaThread "included builds" [_thread_blocked, id=2288, stack(0x000000711c000000,0x000000711c100000)]
  0x00000177536c4000 JavaThread "Execution worker" [_thread_blocked, id=10956, stack(0x000000711c100000,0x000000711c200000)]
  0x00000177536c0800 JavaThread "Execution worker Thread 2" [_thread_blocked, id=13344, stack(0x000000711c200000,0x000000711c300000)]
  0x00000177536c1800 JavaThread "Execution worker Thread 3" [_thread_blocked, id=6876, stack(0x000000711c300000,0x000000711c400000)]
  0x000001774f1b8000 JavaThread "Execution worker Thread 4" [_thread_blocked, id=16500, stack(0x000000711c400000,0x000000711c500000)]
  0x000001774f1b6800 JavaThread "Execution worker Thread 5" [_thread_blocked, id=9884, stack(0x000000711c500000,0x000000711c600000)]
  0x000001774f1b7000 JavaThread "Execution worker Thread 6" [_thread_blocked, id=15480, stack(0x000000711c600000,0x000000711c700000)]
  0x000001774f1b9000 JavaThread "Execution worker Thread 7" [_thread_blocked, id=13348, stack(0x000000711c700000,0x000000711c800000)]
  0x000001774f1b5800 JavaThread "Cache worker for execution history cache (C:\Users\ElifEylul\reactNativeP\tezProjesi\node_modules\react-native-gradle-plugin\.gradle\7.5.1\executionHistory)" [_thread_blocked, id=12748, stack(0x000000711c800000,0x000000711c900000)]
  0x000001774f1b9800 JavaThread "Unconstrained build operations Thread 34" [_thread_blocked, id=15796, stack(0x000000711c900000,0x000000711ca00000)]
  0x000001774f1b4800 JavaThread "Unconstrained build operations Thread 35" [_thread_blocked, id=10188, stack(0x000000711ca00000,0x000000711cb00000)]
  0x000001774f1bf800 JavaThread "Unconstrained build operations Thread 36" [_thread_blocked, id=3584, stack(0x000000711cb00000,0x000000711cc00000)]
  0x000001774f1ba800 JavaThread "Unconstrained build operations Thread 37" [_thread_blocked, id=11080, stack(0x000000711cc00000,0x000000711cd00000)]
  0x000001774f1bc000 JavaThread "Unconstrained build operations Thread 38" [_thread_blocked, id=9296, stack(0x000000711cd00000,0x000000711ce00000)]
  0x000001774f1bd800 JavaThread "Unconstrained build operations Thread 39" [_thread_blocked, id=8972, stack(0x000000711ce00000,0x000000711cf00000)]
  0x000001774f1bd000 JavaThread "Unconstrained build operations Thread 40" [_thread_blocked, id=12532, stack(0x000000711cf00000,0x000000711d000000)]
  0x000001774f1be800 JavaThread "Unconstrained build operations Thread 41" [_thread_blocked, id=17384, stack(0x000000711d000000,0x000000711d100000)]
  0x000001774f1c0000 JavaThread "Unconstrained build operations Thread 42" [_thread_blocked, id=15756, stack(0x000000711d100000,0x000000711d200000)]
  0x000001774f1c1000 JavaThread "Unconstrained build operations Thread 43" [_thread_blocked, id=16936, stack(0x000000711d200000,0x000000711d300000)]
  0x000001774f1bb800 JavaThread "Unconstrained build operations Thread 44" [_thread_blocked, id=10904, stack(0x000000711d300000,0x000000711d400000)]
  0x000001774f1c2000 JavaThread "Unconstrained build operations Thread 45" [_thread_blocked, id=9536, stack(0x000000711d400000,0x000000711d500000)]
  0x000001774f1c2800 JavaThread "Unconstrained build operations Thread 46" [_thread_blocked, id=9708, stack(0x000000711d500000,0x000000711d600000)]
  0x000001774f1c3800 JavaThread "Unconstrained build operations Thread 47" [_thread_blocked, id=10468, stack(0x000000711d600000,0x000000711d700000)]
  0x000001774eb46800 JavaThread "Unconstrained build operations Thread 48" [_thread_blocked, id=9844, stack(0x000000711d700000,0x000000711d800000)]
  0x000001774eb47000 JavaThread "Unconstrained build operations Thread 49" [_thread_blocked, id=6904, stack(0x000000711d800000,0x000000711d900000)]
  0x000001774eb45800 JavaThread "Unconstrained build operations Thread 50" [_thread_blocked, id=16472, stack(0x000000711d900000,0x000000711da00000)]
  0x000001774eb42800 JavaThread "Unconstrained build operations Thread 51" [_thread_blocked, id=11580, stack(0x000000711da00000,0x000000711db00000)]
  0x000001774eb44000 JavaThread "Unconstrained build operations Thread 52" [_thread_blocked, id=3624, stack(0x000000711db00000,0x000000711dc00000)]
  0x000001774eb48000 JavaThread "Unconstrained build operations Thread 53" [_thread_blocked, id=9592, stack(0x000000711dc00000,0x000000711dd00000)]
  0x000001774eb49000 JavaThread "Unconstrained build operations Thread 54" [_thread_blocked, id=16872, stack(0x000000711dd00000,0x000000711de00000)]
  0x000001774eb43000 JavaThread "Unconstrained build operations Thread 55" [_thread_blocked, id=14696, stack(0x000000711de00000,0x000000711df00000)]
  0x000001774eb45000 JavaThread "Unconstrained build operations Thread 56" [_thread_blocked, id=6668, stack(0x000000711df00000,0x000000711e000000)]
  0x000001774eb4b800 JavaThread "Unconstrained build operations Thread 57" [_thread_blocked, id=15572, stack(0x000000711e000000,0x000000711e100000)]
  0x000001774eb4c000 JavaThread "Unconstrained build operations Thread 58" [_thread_blocked, id=3564, stack(0x000000711e100000,0x000000711e200000)]
  0x000001774eb49800 JavaThread "Unconstrained build operations Thread 59" [_thread_blocked, id=16004, stack(0x000000711e200000,0x000000711e300000)]
  0x000001774eb4e800 JavaThread "Unconstrained build operations Thread 60" [_thread_blocked, id=14360, stack(0x000000711e300000,0x000000711e400000)]
  0x000001774eb4d000 JavaThread "Unconstrained build operations Thread 61" [_thread_blocked, id=980, stack(0x000000711e400000,0x000000711e500000)]
  0x000001774eb4f800 JavaThread "Unconstrained build operations Thread 62" [_thread_blocked, id=8720, stack(0x000000711e500000,0x000000711e600000)]
  0x000001774eb4e000 JavaThread "Unconstrained build operations Thread 63" [_thread_blocked, id=15664, stack(0x000000711e600000,0x000000711e700000)]
  0x000001774eb50000 JavaThread "Unconstrained build operations Thread 64" [_thread_blocked, id=16308, stack(0x000000711e700000,0x000000711e800000)]
  0x000001774eb4a800 JavaThread "Unconstrained build operations Thread 65" [_thread_blocked, id=14712, stack(0x000000711e800000,0x000000711e900000)]
  0x000001774eb51000 JavaThread "Unconstrained build operations Thread 66" [_thread_blocked, id=2064, stack(0x000000711e900000,0x000000711ea00000)]
  0x0000017756ab6800 JavaThread "Unconstrained build operations Thread 67" [_thread_blocked, id=11296, stack(0x000000711ea00000,0x000000711eb00000)]
  0x0000017756aba800 JavaThread "Unconstrained build operations Thread 68" [_thread_blocked, id=13452, stack(0x000000711eb00000,0x000000711ec00000)]
  0x0000017756ab7800 JavaThread "Unconstrained build operations Thread 69" [_thread_blocked, id=13040, stack(0x000000711ec00000,0x000000711ed00000)]
  0x0000017756aba000 JavaThread "Unconstrained build operations Thread 70" [_thread_blocked, id=1564, stack(0x000000711ed00000,0x000000711ee00000)]
  0x0000017756ab6000 JavaThread "Unconstrained build operations Thread 71" [_thread_blocked, id=8260, stack(0x000000711ee00000,0x000000711ef00000)]
  0x0000017756abb800 JavaThread "Unconstrained build operations Thread 72" [_thread_blocked, id=4960, stack(0x000000711ef00000,0x000000711f000000)]
  0x0000017756abd000 JavaThread "Unconstrained build operations Thread 73" [_thread_blocked, id=15556, stack(0x000000711f000000,0x000000711f100000)]
  0x0000017756ab8000 JavaThread "Unconstrained build operations Thread 74" [_thread_blocked, id=13468, stack(0x000000711f100000,0x000000711f200000)]
  0x0000017756abe000 JavaThread "Unconstrained build operations Thread 75" [_thread_blocked, id=16648, stack(0x000000711f200000,0x000000711f300000)]
  0x0000017756abc800 JavaThread "Unconstrained build operations Thread 76" [_thread_blocked, id=17276, stack(0x000000711f300000,0x000000711f400000)]
  0x0000017756ab9000 JavaThread "Unconstrained build operations Thread 77" [_thread_blocked, id=6848, stack(0x000000711f400000,0x000000711f500000)]
  0x0000017756abf000 JavaThread "Unconstrained build operations Thread 78" [_thread_blocked, id=5500, stack(0x000000711f500000,0x000000711f600000)]
  0x0000017756ac4800 JavaThread "Unconstrained build operations Thread 79" [_thread_blocked, id=10680, stack(0x000000711f600000,0x000000711f700000)]
  0x0000017756ac3800 JavaThread "Unconstrained build operations Thread 80" [_thread_blocked, id=3980, stack(0x000000711f700000,0x000000711f800000)]
=>0x00000177521b6000 JavaThread "C2 CompilerThread1" daemon [_thread_in_native, id=10404, stack(0x000000711bc00000,0x000000711bd00000)]
  0x000001775365e000 JavaThread "C2 CompilerThread2" daemon [_thread_in_native, id=15608, stack(0x000000711bd00000,0x000000711be00000)]

Other Threads:
  0x000001774dc90800 VMThread "VM Thread" [stack: 0x0000007116300000,0x0000007116400000] [id=4980]
  0x000001774e73c000 WatcherThread [stack: 0x0000007116d00000,0x0000007116e00000] [id=16100]
  0x000001772cda9800 GCTaskThread "GC Thread#0" [stack: 0x0000007115e00000,0x0000007115f00000] [id=7708]
  0x000001774f206000 GCTaskThread "GC Thread#1" [stack: 0x0000007116f00000,0x0000007117000000] [id=1968]
  0x000001774f269800 GCTaskThread "GC Thread#2" [stack: 0x0000007117000000,0x0000007117100000] [id=5004]
  0x000001774fcc0000 GCTaskThread "GC Thread#3" [stack: 0x0000007117a00000,0x0000007117b00000] [id=5168]
  0x000001774e61e800 GCTaskThread "GC Thread#4" [stack: 0x0000007117b00000,0x0000007117c00000] [id=10812]
  0x0000017750180800 GCTaskThread "GC Thread#5" [stack: 0x0000007117c00000,0x0000007117d00000] [id=15944]
  0x00000177500fc800 GCTaskThread "GC Thread#6" [stack: 0x0000007117d00000,0x0000007117e00000] [id=8796]
  0x000001774f376800 GCTaskThread "GC Thread#7" [stack: 0x0000007117e00000,0x0000007117f00000] [id=16876]
  0x000001772cdbe000 ConcurrentGCThread "G1 Main Marker" [stack: 0x0000007115f00000,0x0000007116000000] [id=17108]
  0x000001772cdbf800 ConcurrentGCThread "G1 Conc#0" [stack: 0x0000007116000000,0x0000007116100000] [id=16788]
  0x000001774e6ce000 ConcurrentGCThread "G1 Conc#1" [stack: 0x0000007118800000,0x0000007118900000] [id=8412]
  0x000001772ce2e800 ConcurrentGCThread "G1 Refine#0" [stack: 0x0000007116100000,0x0000007116200000] [id=15112]
  0x000001774f2f2800 ConcurrentGCThread "G1 Refine#1" [stack: 0x0000007117f00000,0x0000007118000000] [id=15592]
  0x000001774db2e800 ConcurrentGCThread "G1 Young RemSet Sampling" [stack: 0x0000007116200000,0x0000007116300000] [id=6984]

Threads with active compile tasks:
C2 CompilerThread0    56762 10256   !   4       java.lang.reflect.Executable::sharedToGenericString (255 bytes)
C1 CompilerThread0    56763 10291       3       groovy.lang.MetaClassImpl::populateMethods (401 bytes)
C2 CompilerThread1    56763 10191       4       java.beans.MethodRef::set (58 bytes)
C2 CompilerThread2    56763 10280 %     4       org.gradle.internal.instantiation.generator.AbstractClassGenerator::inspectType @ 107 (560 bytes)

VM state:not at safepoint (normal execution)

VM Mutex/Monitor currently owned by a thread: None

Heap address: 0x0000000080000000, size: 2048 MB, Compressed Oops mode: 32-bit
Narrow klass base: 0x0000000800000000, Narrow klass shift: 3
Compressed class space size: 528482304 Address: 0x0000000800b40000

Heap:
 garbage-first heap   total 164864K, used 88732K [0x0000000080000000, 0x0000000100000000)
  region size 1024K, 8 young (8192K), 7 survivors (7168K)
 Metaspace       used 86457K, capacity 89181K, committed 89292K, reserved 593920K
  class space    used 11871K, capacity 12953K, committed 13004K, reserved 516096K
Heap Regions: E=young(eden), S=young(survivor), O=old, HS=humongous(starts), HC=humongous(continues), CS=collection set, F=free, A=archive, TAMS=top-at-mark-start (previous, next)
|   0|0x0000000080000000, 0x0000000080100000, 0x0000000080100000|100%| O|  |TAMS 0x0000000080100000, 0x0000000080000000| Untracked 
|   1|0x0000000080100000, 0x0000000080200000, 0x0000000080200000|100%| O|  |TAMS 0x0000000080200000, 0x0000000080100000| Untracked 
|   2|0x0000000080200000, 0x0000000080300000, 0x0000000080300000|100%| O|  |TAMS 0x0000000080300000, 0x0000000080200000| Untracked 
|   3|0x0000000080300000, 0x0000000080400000, 0x0000000080400000|100%|HS|  |TAMS 0x0000000080400000, 0x0000000080300000| Complete 
|   4|0x0000000080400000, 0x0000000080500000, 0x0000000080500000|100%|HC|  |TAMS 0x0000000080500000, 0x0000000080400000| Complete 
|   5|0x0000000080500000, 0x0000000080600000, 0x0000000080600000|100%|HC|  |TAMS 0x0000000080600000, 0x0000000080500000| Complete 
|   6|0x0000000080600000, 0x0000000080700000, 0x0000000080700000|100%| O|  |TAMS 0x0000000080700000, 0x0000000080600000| Untracked 
|   7|0x0000000080700000, 0x0000000080800000, 0x0000000080800000|100%| O|  |TAMS 0x0000000080800000, 0x0000000080700000| Untracked 
|   8|0x0000000080800000, 0x0000000080900000, 0x0000000080900000|100%| O|  |TAMS 0x0000000080900000, 0x0000000080800000| Untracked 
|   9|0x0000000080900000, 0x0000000080a00000, 0x0000000080a00000|100%| O|  |TAMS 0x0000000080a00000, 0x0000000080900000| Untracked 
|  10|0x0000000080a00000, 0x0000000080b00000, 0x0000000080b00000|100%| O|  |TAMS 0x0000000080b00000, 0x0000000080a00000| Untracked 
|  11|0x0000000080b00000, 0x0000000080c00000, 0x0000000080c00000|100%| O|  |TAMS 0x0000000080c00000, 0x0000000080b00000| Untracked 
|  12|0x0000000080c00000, 0x0000000080d00000, 0x0000000080d00000|100%| O|  |TAMS 0x0000000080d00000, 0x0000000080c00000| Untracked 
|  13|0x0000000080d00000, 0x0000000080e00000, 0x0000000080e00000|100%| O|  |TAMS 0x0000000080e00000, 0x0000000080d00000| Untracked 
|  14|0x0000000080e00000, 0x0000000080f00000, 0x0000000080f00000|100%| O|  |TAMS 0x0000000080f00000, 0x0000000080e00000| Untracked 
|  15|0x0000000080f00000, 0x0000000080fe5600, 0x0000000081000000| 89%| O|  |TAMS 0x0000000080fe5600, 0x0000000080f00000| Untracked 
|  16|0x0000000081000000, 0x0000000081100000, 0x0000000081100000|100%| O|  |TAMS 0x0000000081100000, 0x0000000081000000| Untracked 
|  17|0x0000000081100000, 0x0000000081200000, 0x0000000081200000|100%| O|  |TAMS 0x0000000081200000, 0x0000000081100000| Untracked 
|  18|0x0000000081200000, 0x0000000081300000, 0x0000000081300000|100%| O|  |TAMS 0x0000000081300000, 0x0000000081200000| Untracked 
|  19|0x0000000081300000, 0x0000000081400000, 0x0000000081400000|100%| O|  |TAMS 0x0000000081400000, 0x0000000081300000| Untracked 
|  20|0x0000000081400000, 0x0000000081500000, 0x0000000081500000|100%| O|  |TAMS 0x0000000081500000, 0x0000000081400000| Untracked 
|  21|0x0000000081500000, 0x0000000081600000, 0x0000000081600000|100%| O|  |TAMS 0x0000000081600000, 0x0000000081500000| Untracked 
|  22|0x0000000081600000, 0x0000000081700000, 0x0000000081700000|100%| O|  |TAMS 0x0000000081700000, 0x0000000081600000| Untracked 
|  23|0x0000000081700000, 0x0000000081800000, 0x0000000081800000|100%| O|  |TAMS 0x0000000081800000, 0x0000000081700000| Untracked 
|  24|0x0000000081800000, 0x0000000081900000, 0x0000000081900000|100%| O|  |TAMS 0x0000000081900000, 0x0000000081800000| Untracked 
|  25|0x0000000081900000, 0x0000000081a00000, 0x0000000081a00000|100%| O|  |TAMS 0x0000000081a00000, 0x0000000081900000| Untracked 
|  26|0x0000000081a00000, 0x0000000081b00000, 0x0000000081b00000|100%| O|  |TAMS 0x0000000081b00000, 0x0000000081a00000| Untracked 
|  27|0x0000000081b00000, 0x0000000081c00000, 0x0000000081c00000|100%| O|  |TAMS 0x0000000081c00000, 0x0000000081b00000| Untracked 
|  28|0x0000000081c00000, 0x0000000081d00000, 0x0000000081d00000|100%| O|  |TAMS 0x0000000081d00000, 0x0000000081c00000| Untracked 
|  29|0x0000000081d00000, 0x0000000081e00000, 0x0000000081e00000|100%| O|  |TAMS 0x0000000081e00000, 0x0000000081d00000| Untracked 
|  30|0x0000000081e00000, 0x0000000081f00000, 0x0000000081f00000|100%| O|  |TAMS 0x0000000081f00000, 0x0000000081e00000| Untracked 
|  31|0x0000000081f00000, 0x0000000082000000, 0x0000000082000000|100%| O|  |TAMS 0x0000000082000000, 0x0000000081f00000| Untracked 
|  32|0x0000000082000000, 0x0000000082100000, 0x0000000082100000|100%| O|  |TAMS 0x0000000082100000, 0x0000000082000000| Untracked 
|  33|0x0000000082100000, 0x0000000082200000, 0x0000000082200000|100%| O|  |TAMS 0x0000000082200000, 0x0000000082100000| Untracked 
|  34|0x0000000082200000, 0x0000000082300000, 0x0000000082300000|100%| O|  |TAMS 0x0000000082300000, 0x0000000082200000| Untracked 
|  35|0x0000000082300000, 0x0000000082400000, 0x0000000082400000|100%| O|  |TAMS 0x0000000082400000, 0x0000000082300000| Untracked 
|  36|0x0000000082400000, 0x0000000082500000, 0x0000000082500000|100%| O|  |TAMS 0x0000000082500000, 0x0000000082400000| Untracked 
|  37|0x0000000082500000, 0x0000000082600000, 0x0000000082600000|100%|HS|  |TAMS 0x0000000082600000, 0x0000000082500000| Complete 
|  38|0x0000000082600000, 0x0000000082700000, 0x0000000082700000|100%|HS|  |TAMS 0x0000000082700000, 0x0000000082600000| Complete 
|  39|0x0000000082700000, 0x0000000082800000, 0x0000000082800000|100%|HC|  |TAMS 0x0000000082800000, 0x0000000082700000| Complete 
|  40|0x0000000082800000, 0x0000000082900000, 0x0000000082900000|100%|HC|  |TAMS 0x0000000082900000, 0x0000000082800000| Complete 
|  41|0x0000000082900000, 0x0000000082a00000, 0x0000000082a00000|100%| O|  |TAMS 0x0000000082a00000, 0x0000000082900000| Untracked 
|  42|0x0000000082a00000, 0x0000000082b00000, 0x0000000082b00000|100%| O|  |TAMS 0x0000000082b00000, 0x0000000082a00000| Untracked 
|  43|0x0000000082b00000, 0x0000000082c00000, 0x0000000082c00000|100%| O|  |TAMS 0x0000000082c00000, 0x0000000082b00000| Untracked 
|  44|0x0000000082c00000, 0x0000000082d00000, 0x0000000082d00000|100%| O|  |TAMS 0x0000000082d00000, 0x0000000082c00000| Untracked 
|  45|0x0000000082d00000, 0x0000000082e00000, 0x0000000082e00000|100%| O|  |TAMS 0x0000000082e00000, 0x0000000082d00000| Untracked 
|  46|0x0000000082e00000, 0x0000000082f00000, 0x0000000082f00000|100%| O|  |TAMS 0x0000000082f00000, 0x0000000082e00000| Untracked 
|  47|0x0000000082f00000, 0x0000000083000000, 0x0000000083000000|100%| O|  |TAMS 0x0000000083000000, 0x0000000082f00000| Untracked 
|  48|0x0000000083000000, 0x0000000083100000, 0x0000000083100000|100%| O|  |TAMS 0x0000000083100000, 0x0000000083000000| Untracked 
|  49|0x0000000083100000, 0x0000000083200000, 0x0000000083200000|100%| O|  |TAMS 0x0000000083200000, 0x0000000083100000| Untracked 
|  50|0x0000000083200000, 0x0000000083300000, 0x0000000083300000|100%| O|  |TAMS 0x0000000083300000, 0x0000000083200000| Untracked 
|  51|0x0000000083300000, 0x0000000083400000, 0x0000000083400000|100%| O|  |TAMS 0x0000000083400000, 0x0000000083300000| Untracked 
|  52|0x0000000083400000, 0x0000000083500000, 0x0000000083500000|100%| O|  |TAMS 0x0000000083500000, 0x0000000083400000| Untracked 
|  53|0x0000000083500000, 0x0000000083600000, 0x0000000083600000|100%| O|  |TAMS 0x0000000083600000, 0x0000000083500000| Untracked 
|  54|0x0000000083600000, 0x0000000083700000, 0x0000000083700000|100%| O|  |TAMS 0x0000000083700000, 0x0000000083600000| Untracked 
|  55|0x0000000083700000, 0x0000000083800000, 0x0000000083800000|100%|HS|  |TAMS 0x0000000083800000, 0x0000000083700000| Complete 
|  56|0x0000000083800000, 0x0000000083900000, 0x0000000083900000|100%|HS|  |TAMS 0x0000000083900000, 0x0000000083800000| Complete 
|  57|0x0000000083900000, 0x0000000083a00000, 0x0000000083a00000|100%|HS|  |TAMS 0x0000000083a00000, 0x0000000083900000| Complete 
|  58|0x0000000083a00000, 0x0000000083b00000, 0x0000000083b00000|100%|HC|  |TAMS 0x0000000083b00000, 0x0000000083a00000| Complete 
|  59|0x0000000083b00000, 0x0000000083c00000, 0x0000000083c00000|100%| O|  |TAMS 0x0000000083c00000, 0x0000000083b00000| Untracked 
|  60|0x0000000083c00000, 0x0000000083d00000, 0x0000000083d00000|100%| O|  |TAMS 0x0000000083d00000, 0x0000000083c00000| Untracked 
|  61|0x0000000083d00000, 0x0000000083e00000, 0x0000000083e00000|100%| O|  |TAMS 0x0000000083e00000, 0x0000000083d00000| Untracked 
|  62|0x0000000083e00000, 0x0000000083f00000, 0x0000000083f00000|100%| O|  |TAMS 0x0000000083f00000, 0x0000000083e00000| Untracked 
|  63|0x0000000083f00000, 0x0000000084000000, 0x0000000084000000|100%| O|  |TAMS 0x0000000084000000, 0x0000000083f00000| Untracked 
|  64|0x0000000084000000, 0x0000000084100000, 0x0000000084100000|100%| O|  |TAMS 0x0000000084100000, 0x0000000084000000| Untracked 
|  65|0x0000000084100000, 0x0000000084200000, 0x0000000084200000|100%| O|  |TAMS 0x0000000084200000, 0x0000000084100000| Untracked 
|  66|0x0000000084200000, 0x0000000084300000, 0x0000000084300000|100%| O|  |TAMS 0x0000000084300000, 0x0000000084200000| Untracked 
|  67|0x0000000084300000, 0x0000000084400000, 0x0000000084400000|100%| O|  |TAMS 0x0000000084400000, 0x0000000084300000| Untracked 
|  68|0x0000000084400000, 0x0000000084500000, 0x0000000084500000|100%| O|  |TAMS 0x0000000084500000, 0x0000000084400000| Untracked 
|  69|0x0000000084500000, 0x0000000084600000, 0x0000000084600000|100%| O|  |TAMS 0x0000000084600000, 0x0000000084500000| Untracked 
|  70|0x0000000084600000, 0x0000000084700000, 0x0000000084700000|100%| O|  |TAMS 0x0000000084700000, 0x0000000084600000| Untracked 
|  71|0x0000000084700000, 0x0000000084800000, 0x0000000084800000|100%| O|  |TAMS 0x0000000084800000, 0x0000000084700000| Untracked 
|  72|0x0000000084800000, 0x0000000084900000, 0x0000000084900000|100%| O|  |TAMS 0x0000000084900000, 0x0000000084800000| Untracked 
|  73|0x0000000084900000, 0x0000000084a00000, 0x0000000084a00000|100%| O|  |TAMS 0x00000000849c6200, 0x0000000084900000| Untracked 
|  74|0x0000000084a00000, 0x0000000084b00000, 0x0000000084b00000|100%| O|  |TAMS 0x0000000084a00000, 0x0000000084a00000| Untracked 
|  75|0x0000000084b00000, 0x0000000084c00000, 0x0000000084c00000|100%| O|  |TAMS 0x0000000084b00000, 0x0000000084b00000| Untracked 
|  76|0x0000000084c00000, 0x0000000084d00000, 0x0000000084d00000|100%| O|  |TAMS 0x0000000084c00000, 0x0000000084c00000| Untracked 
|  77|0x0000000084d00000, 0x0000000084e00000, 0x0000000084e00000|100%| O|  |TAMS 0x0000000084d00000, 0x0000000084d00000| Untracked 
|  78|0x0000000084e00000, 0x0000000084f00000, 0x0000000084f00000|100%| O|  |TAMS 0x0000000084e00000, 0x0000000084e00000| Untracked 
|  79|0x0000000084f00000, 0x0000000085000000, 0x0000000085000000|100%| O|  |TAMS 0x0000000084f00000, 0x0000000084f00000| Untracked 
|  80|0x0000000085000000, 0x000000008504e800, 0x0000000085100000| 30%| O|  |TAMS 0x0000000085000000, 0x0000000085000000| Untracked 
|  81|0x0000000085100000, 0x0000000085100000, 0x0000000085200000|  0%| F|  |TAMS 0x0000000085100000, 0x0000000085100000| Untracked 
|  82|0x0000000085200000, 0x0000000085200000, 0x0000000085300000|  0%| F|  |TAMS 0x0000000085200000, 0x0000000085200000| Untracked 
|  83|0x0000000085300000, 0x0000000085300000, 0x0000000085400000|  0%| F|  |TAMS 0x0000000085300000, 0x0000000085300000| Untracked 
|  84|0x0000000085400000, 0x0000000085400000, 0x0000000085500000|  0%| F|  |TAMS 0x0000000085400000, 0x0000000085400000| Untracked 
|  85|0x0000000085500000, 0x0000000085500000, 0x0000000085600000|  0%| F|  |TAMS 0x0000000085500000, 0x0000000085500000| Untracked 
|  86|0x0000000085600000, 0x0000000085600000, 0x0000000085700000|  0%| F|  |TAMS 0x0000000085600000, 0x0000000085600000| Untracked 
|  87|0x0000000085700000, 0x0000000085700000, 0x0000000085800000|  0%| F|  |TAMS 0x0000000085700000, 0x0000000085700000| Untracked 
|  88|0x0000000085800000, 0x0000000085800000, 0x0000000085900000|  0%| F|  |TAMS 0x0000000085800000, 0x0000000085800000| Untracked 
|  89|0x0000000085900000, 0x0000000085900000, 0x0000000085a00000|  0%| F|  |TAMS 0x0000000085900000, 0x0000000085900000| Untracked 
|  90|0x0000000085a00000, 0x0000000085a00000, 0x0000000085b00000|  0%| F|  |TAMS 0x0000000085a00000, 0x0000000085a00000| Untracked 
|  91|0x0000000085b00000, 0x0000000085b00000, 0x0000000085c00000|  0%| F|  |TAMS 0x0000000085b00000, 0x0000000085b00000| Untracked 
|  92|0x0000000085c00000, 0x0000000085c00000, 0x0000000085d00000|  0%| F|  |TAMS 0x0000000085c00000, 0x0000000085c00000| Untracked 
|  93|0x0000000085d00000, 0x0000000085d00000, 0x0000000085e00000|  0%| F|  |TAMS 0x0000000085d00000, 0x0000000085d00000| Untracked 
|  94|0x0000000085e00000, 0x0000000085e00000, 0x0000000085f00000|  0%| F|  |TAMS 0x0000000085e00000, 0x0000000085e00000| Untracked 
|  95|0x0000000085f00000, 0x0000000085f00000, 0x0000000086000000|  0%| F|  |TAMS 0x0000000085f00000, 0x0000000085f00000| Untracked 
|  96|0x0000000086000000, 0x0000000086000000, 0x0000000086100000|  0%| F|  |TAMS 0x0000000086000000, 0x0000000086000000| Untracked 
|  97|0x0000000086100000, 0x0000000086100000, 0x0000000086200000|  0%| F|  |TAMS 0x0000000086100000, 0x0000000086100000| Untracked 
|  98|0x0000000086200000, 0x0000000086200000, 0x0000000086300000|  0%| F|  |TAMS 0x0000000086200000, 0x0000000086200000| Untracked 
|  99|0x0000000086300000, 0x0000000086300000, 0x0000000086400000|  0%| F|  |TAMS 0x0000000086300000, 0x0000000086300000| Untracked 
| 100|0x0000000086400000, 0x0000000086400000, 0x0000000086500000|  0%| F|  |TAMS 0x0000000086400000, 0x0000000086400000| Untracked 
| 101|0x0000000086500000, 0x0000000086500000, 0x0000000086600000|  0%| F|  |TAMS 0x0000000086500000, 0x0000000086500000| Untracked 
| 102|0x0000000086600000, 0x0000000086600000, 0x0000000086700000|  0%| F|  |TAMS 0x0000000086600000, 0x0000000086600000| Untracked 
| 103|0x0000000086700000, 0x0000000086700000, 0x0000000086800000|  0%| F|  |TAMS 0x0000000086700000, 0x0000000086700000| Untracked 
| 104|0x0000000086800000, 0x0000000086800000, 0x0000000086900000|  0%| F|  |TAMS 0x0000000086800000, 0x0000000086800000| Untracked 
| 105|0x0000000086900000, 0x0000000086900000, 0x0000000086a00000|  0%| F|  |TAMS 0x0000000086900000, 0x0000000086900000| Untracked 
| 106|0x0000000086a00000, 0x0000000086a00000, 0x0000000086b00000|  0%| F|  |TAMS 0x0000000086a00000, 0x0000000086a00000| Untracked 
| 107|0x0000000086b00000, 0x0000000086b00000, 0x0000000086c00000|  0%| F|  |TAMS 0x0000000086b00000, 0x0000000086b00000| Untracked 
| 108|0x0000000086c00000, 0x0000000086c00000, 0x0000000086d00000|  0%| F|  |TAMS 0x0000000086c00000, 0x0000000086c00000| Untracked 
| 109|0x0000000086d00000, 0x0000000086d00000, 0x0000000086e00000|  0%| F|  |TAMS 0x0000000086d00000, 0x0000000086d00000| Untracked 
| 110|0x0000000086e00000, 0x0000000086e00000, 0x0000000086f00000|  0%| F|  |TAMS 0x0000000086e00000, 0x0000000086e00000| Untracked 
| 111|0x0000000086f00000, 0x0000000086f00000, 0x0000000087000000|  0%| F|  |TAMS 0x0000000086f00000, 0x0000000086f00000| Untracked 
| 112|0x0000000087000000, 0x00000000870733c8, 0x0000000087100000| 45%| S|CS|TAMS 0x0000000087000000, 0x0000000087000000| Complete 
| 113|0x0000000087100000, 0x0000000087200000, 0x0000000087200000|100%| S|CS|TAMS 0x0000000087100000, 0x0000000087100000| Complete 
| 114|0x0000000087200000, 0x0000000087300000, 0x0000000087300000|100%| S|CS|TAMS 0x0000000087200000, 0x0000000087200000| Complete 
| 115|0x0000000087300000, 0x0000000087400000, 0x0000000087400000|100%| S|CS|TAMS 0x0000000087300000, 0x0000000087300000| Complete 
| 116|0x0000000087400000, 0x0000000087500000, 0x0000000087500000|100%| S|CS|TAMS 0x0000000087400000, 0x0000000087400000| Complete 
| 117|0x0000000087500000, 0x0000000087600000, 0x0000000087600000|100%| S|CS|TAMS 0x0000000087500000, 0x0000000087500000| Complete 
| 118|0x0000000087600000, 0x0000000087700000, 0x0000000087700000|100%| S|CS|TAMS 0x0000000087600000, 0x0000000087600000| Complete 
| 119|0x0000000087700000, 0x0000000087700000, 0x0000000087800000|  0%| F|  |TAMS 0x0000000087700000, 0x0000000087700000| Untracked 
| 120|0x0000000087800000, 0x0000000087800000, 0x0000000087900000|  0%| F|  |TAMS 0x0000000087800000, 0x0000000087800000| Untracked 
| 121|0x0000000087900000, 0x0000000087900000, 0x0000000087a00000|  0%| F|  |TAMS 0x0000000087900000, 0x0000000087900000| Untracked 
| 122|0x0000000087a00000, 0x0000000087a00000, 0x0000000087b00000|  0%| F|  |TAMS 0x0000000087a00000, 0x0000000087a00000| Untracked 
| 123|0x0000000087b00000, 0x0000000087b00000, 0x0000000087c00000|  0%| F|  |TAMS 0x0000000087b00000, 0x0000000087b00000| Untracked 
| 124|0x0000000087c00000, 0x0000000087c00000, 0x0000000087d00000|  0%| F|  |TAMS 0x0000000087c00000, 0x0000000087c00000| Untracked 
| 125|0x0000000087d00000, 0x0000000087d00000, 0x0000000087e00000|  0%| F|  |TAMS 0x0000000087d00000, 0x0000000087d00000| Untracked 
| 126|0x0000000087e00000, 0x0000000087e00000, 0x0000000087f00000|  0%| F|  |TAMS 0x0000000087e00000, 0x0000000087e00000| Untracked 
| 127|0x0000000087f00000, 0x0000000087f00000, 0x0000000088000000|  0%| F|  |TAMS 0x0000000087f00000, 0x0000000087f00000| Untracked 
| 128|0x0000000088000000, 0x0000000088000000, 0x0000000088100000|  0%| F|  |TAMS 0x0000000088000000, 0x0000000088000000| Untracked 
| 129|0x0000000088100000, 0x0000000088100000, 0x0000000088200000|  0%| F|  |TAMS 0x0000000088100000, 0x0000000088100000| Untracked 
| 130|0x0000000088200000, 0x0000000088200000, 0x0000000088300000|  0%| F|  |TAMS 0x0000000088200000, 0x0000000088200000| Untracked 
| 131|0x0000000088300000, 0x0000000088300000, 0x0000000088400000|  0%| F|  |TAMS 0x0000000088300000, 0x0000000088300000| Untracked 
| 132|0x0000000088400000, 0x0000000088400000, 0x0000000088500000|  0%| F|  |TAMS 0x0000000088400000, 0x0000000088400000| Untracked 
| 133|0x0000000088500000, 0x0000000088500000, 0x0000000088600000|  0%| F|  |TAMS 0x0000000088500000, 0x0000000088500000| Untracked 
| 134|0x0000000088600000, 0x0000000088600000, 0x0000000088700000|  0%| F|  |TAMS 0x0000000088600000, 0x0000000088600000| Untracked 
| 135|0x0000000088700000, 0x0000000088700000, 0x0000000088800000|  0%| F|  |TAMS 0x0000000088700000, 0x0000000088700000| Untracked 
| 136|0x0000000088800000, 0x0000000088800000, 0x0000000088900000|  0%| F|  |TAMS 0x0000000088800000, 0x0000000088800000| Untracked 
| 137|0x0000000088900000, 0x0000000088900000, 0x0000000088a00000|  0%| F|  |TAMS 0x0000000088900000, 0x0000000088900000| Untracked 
| 138|0x0000000088a00000, 0x0000000088a00000, 0x0000000088b00000|  0%| F|  |TAMS 0x0000000088a00000, 0x0000000088a00000| Untracked 
| 139|0x0000000088b00000, 0x0000000088b00000, 0x0000000088c00000|  0%| F|  |TAMS 0x0000000088b00000, 0x0000000088b00000| Untracked 
| 140|0x0000000088c00000, 0x0000000088c00000, 0x0000000088d00000|  0%| F|  |TAMS 0x0000000088c00000, 0x0000000088c00000| Untracked 
| 141|0x0000000088d00000, 0x0000000088d00000, 0x0000000088e00000|  0%| F|  |TAMS 0x0000000088d00000, 0x0000000088d00000| Untracked 
| 142|0x0000000088e00000, 0x0000000088e00000, 0x0000000088f00000|  0%| F|  |TAMS 0x0000000088e00000, 0x0000000088e00000| Untracked 
| 143|0x0000000088f00000, 0x0000000088f00000, 0x0000000089000000|  0%| F|  |TAMS 0x0000000088f00000, 0x0000000088f00000| Untracked 
| 144|0x0000000089000000, 0x0000000089000000, 0x0000000089100000|  0%| F|  |TAMS 0x0000000089000000, 0x0000000089000000| Untracked 
| 145|0x0000000089100000, 0x0000000089100000, 0x0000000089200000|  0%| F|  |TAMS 0x0000000089100000, 0x0000000089100000| Untracked 
| 146|0x0000000089200000, 0x0000000089200000, 0x0000000089300000|  0%| F|  |TAMS 0x0000000089200000, 0x0000000089200000| Untracked 
| 147|0x0000000089300000, 0x0000000089300000, 0x0000000089400000|  0%| F|  |TAMS 0x0000000089300000, 0x0000000089300000| Untracked 
| 148|0x0000000089400000, 0x0000000089400000, 0x0000000089500000|  0%| F|  |TAMS 0x0000000089400000, 0x0000000089400000| Untracked 
| 149|0x0000000089500000, 0x0000000089500000, 0x0000000089600000|  0%| F|  |TAMS 0x0000000089500000, 0x0000000089500000| Untracked 
| 150|0x0000000089600000, 0x0000000089600000, 0x0000000089700000|  0%| F|  |TAMS 0x0000000089600000, 0x0000000089600000| Untracked 
| 151|0x0000000089700000, 0x0000000089700000, 0x0000000089800000|  0%| F|  |TAMS 0x0000000089700000, 0x0000000089700000| Untracked 
| 152|0x0000000089800000, 0x0000000089800000, 0x0000000089900000|  0%| F|  |TAMS 0x0000000089800000, 0x0000000089800000| Untracked 
| 153|0x0000000089900000, 0x0000000089900000, 0x0000000089a00000|  0%| F|  |TAMS 0x0000000089900000, 0x0000000089900000| Untracked 
| 154|0x0000000089a00000, 0x0000000089a00000, 0x0000000089b00000|  0%| F|  |TAMS 0x0000000089a00000, 0x0000000089a00000| Untracked 
| 155|0x0000000089b00000, 0x0000000089b00000, 0x0000000089c00000|  0%| F|  |TAMS 0x0000000089b00000, 0x0000000089b00000| Untracked 
| 156|0x0000000089c00000, 0x0000000089c00000, 0x0000000089d00000|  0%| F|  |TAMS 0x0000000089c00000, 0x0000000089c00000| Untracked 
| 157|0x0000000089d00000, 0x0000000089d00000, 0x0000000089e00000|  0%| F|  |TAMS 0x0000000089d00000, 0x0000000089d00000| Untracked 
| 158|0x0000000089e00000, 0x0000000089e00000, 0x0000000089f00000|  0%| F|  |TAMS 0x0000000089e00000, 0x0000000089e00000| Untracked 
| 159|0x0000000089f00000, 0x0000000089f00800, 0x000000008a000000|  0%| E|  |TAMS 0x0000000089f00000, 0x0000000089f00000| Complete 
| 160|0x000000008a000000, 0x000000008a100000, 0x000000008a100000|100%| E|CS|TAMS 0x000000008a000000, 0x000000008a000000| Complete 

Card table byte_map: [0x00000177469e0000,0x0000017746de0000] _byte_map_base: 0x00000177465e0000

Marking Bits (Prev, Next): (CMBitMap*) 0x000001772cdaa128, (CMBitMap*) 0x000001772cdaa168
 Prev Bits: [0x00000177471e0000, 0x00000177491e0000)
 Next Bits: [0x00000177491e0000, 0x000001774b1e0000)

Polling page: 0x000001772ce30000

Metaspace:

Usage:
  Non-class:     74.45 MB capacity,    72.85 MB ( 98%) used,     1.34 MB (  2%) free+waste,   263.13 KB ( <1%) overhead. 
      Class:     12.65 MB capacity,    11.60 MB ( 92%) used,   954.48 KB (  7%) free+waste,   126.13 KB ( <1%) overhead. 
       Both:     87.10 MB capacity,    84.45 MB ( 97%) used,     2.27 MB (  3%) free+waste,   389.25 KB ( <1%) overhead. 

Virtual space:
  Non-class space:       76.00 MB reserved,      74.50 MB ( 98%) committed 
      Class space:      504.00 MB reserved,      12.70 MB (  3%) committed 
             Both:      580.00 MB reserved,      87.20 MB ( 15%) committed 

Chunk freelists:
   Non-Class:  0 bytes
       Class:  4.00 KB
        Both:  4.00 KB

MaxMetaspaceSize: 512.00 MB
CompressedClassSpaceSize: 504.00 MB

CodeHeap 'non-profiled nmethods': size=120000Kb used=5354Kb max_used=5354Kb free=114645Kb
 bounds [0x000001773e510000, 0x000001773ea60000, 0x0000017745a40000]
CodeHeap 'profiled nmethods': size=120000Kb used=20224Kb max_used=20790Kb free=99775Kb
 bounds [0x0000017736fe0000, 0x0000017738440000, 0x000001773e510000]
CodeHeap 'non-nmethods': size=5760Kb used=2444Kb max_used=2507Kb free=3315Kb
 bounds [0x0000017736a40000, 0x0000017736cd0000, 0x0000017736fe0000]
 total_blobs=13951 nmethods=8880 adapters=851
 compilation: enabled
              stopped_count=0, restarted_count=0
 full_count=0

Compilation events (20 events):
Event: 56.433 Thread 0x000001774dcb6800 10259       3       java.util.stream.AbstractPipeline::evaluateToArrayNode (78 bytes)
Event: 56.434 Thread 0x000001774dcb6800 nmethod 10259 0x00000177374b3310 code [0x00000177374b3520, 0x00000177374b3b60]
Event: 56.434 Thread 0x000001774dcb6800 10260       3       com.android.build.api.component.impl.ComponentImpl::getName (10 bytes)
Event: 56.434 Thread 0x000001774dcb6800 nmethod 10260 0x0000017737ca4a10 code [0x0000017737ca4bc0, 0x0000017737ca4e10]
Event: 56.434 Thread 0x000001774dcb6800 10261   !   3       org.gradle.internal.metaobject.BeanDynamicObject$MetaClassAdapter::getProperty (211 bytes)
Event: 56.436 Thread 0x000001774dcb6800 nmethod 10261 0x0000017737099c10 code [0x0000017737099f80, 0x000001773709bd80]
Event: 56.436 Thread 0x000001774dcb6800 10263       3       org.codehaus.groovy.reflection.ReflectionCache::autoboxType (5 bytes)
Event: 56.436 Thread 0x000001774dcb6800 nmethod 10263 0x00000177378a5010 code [0x00000177378a51e0, 0x00000177378a5630]
Event: 56.436 Thread 0x000001774dcb6800 10264       3       org.codehaus.groovy.classgen.asm.util.TypeUtil::autoboxType (23 bytes)
Event: 56.437 Thread 0x000001774dcb6800 nmethod 10264 0x00000177379c5210 code [0x00000177379c53e0, 0x00000177379c57d0]
Event: 56.437 Thread 0x000001774dcb6800 10262       3       org.gradle.api.internal.collections.CollectionFilter$1::execute (24 bytes)
Event: 56.437 Thread 0x000001774dcb6800 nmethod 10262 0x0000017737ddee90 code [0x0000017737ddf060, 0x0000017737ddf340]
Event: 56.437 Thread 0x000001774dcb6800 10265       1       com.google.common.cache.LocalCache$WeakEntry::getHash (5 bytes)
Event: 56.437 Thread 0x000001774dcb6800 nmethod 10265 0x000001773e7e4790 code [0x000001773e7e4920, 0x000001773e7e4a58]
Event: 56.437 Thread 0x000001774dcb6800 10266       1       org.gradle.plugin.use.internal.DefaultPluginId::toString (5 bytes)
Event: 56.437 Thread 0x000001774dcb6800 nmethod 10266 0x000001773e7ead10 code [0x000001773e7eaea0, 0x000001773e7eafd8]
Event: 56.442 Thread 0x000001774dcb5000 nmethod 10196 0x000001773e81d510 code [0x000001773e81d7a0, 0x000001773e81e298]
Event: 56.442 Thread 0x000001774dcb5000 10256   !   4       java.lang.reflect.Executable::sharedToGenericString (255 bytes)
Event: 56.443 Thread 0x000001774dcb6800 10268       3       jdk.internal.reflect.UnsafeObjectFieldAccessorImpl::get (17 bytes)
Event: 56.444 Thread 0x000001774dcb6800 nmethod 10268 0x00000177375ce990 code [0x00000177375ceba0, 0x00000177375cf4a0]

GC Heap History (20 events):
Event: 42.173 GC heap before
{Heap before GC invocations=40 (full 0):
 garbage-first heap   total 113664K, used 81428K [0x0000000080000000, 0x0000000100000000)
  region size 1024K, 33 young (33792K), 4 survivors (4096K)
 Metaspace       used 64707K, capacity 66678K, committed 66892K, reserved 573440K
  class space    used 8856K, capacity 9689K, committed 9804K, reserved 516096K
}
Event: 42.181 GC heap after
{Heap after GC invocations=41 (full 0):
 garbage-first heap   total 113664K, used 53973K [0x0000000080000000, 0x0000000100000000)
  region size 1024K, 5 young (5120K), 5 survivors (5120K)
 Metaspace       used 64707K, capacity 66678K, committed 66892K, reserved 573440K
  class space    used 8856K, capacity 9689K, committed 9804K, reserved 516096K
}
Event: 42.778 GC heap before
{Heap before GC invocations=41 (full 0):
 garbage-first heap   total 113664K, used 82645K [0x0000000080000000, 0x0000000100000000)
  region size 1024K, 34 young (34816K), 5 survivors (5120K)
 Metaspace       used 66913K, capacity 68941K, committed 69196K, reserved 575488K
  class space    used 9174K, capacity 10017K, committed 10060K, reserved 516096K
}
Event: 42.788 GC heap after
{Heap after GC invocations=42 (full 0):
 garbage-first heap   total 113664K, used 56186K [0x0000000080000000, 0x0000000100000000)
  region size 1024K, 5 young (5120K), 5 survivors (5120K)
 Metaspace       used 66913K, capacity 68941K, committed 69196K, reserved 575488K
  class space    used 9174K, capacity 10017K, committed 10060K, reserved 516096K
}
Event: 43.476 GC heap before
{Heap before GC invocations=42 (full 0):
 garbage-first heap   total 113664K, used 84858K [0x0000000080000000, 0x0000000100000000)
  region size 1024K, 34 young (34816K), 5 survivors (5120K)
 Metaspace       used 68471K, capacity 70536K, committed 70732K, reserved 577536K
  class space    used 9370K, capacity 10224K, committed 10316K, reserved 516096K
}
Event: 43.485 GC heap after
{Heap after GC invocations=43 (full 0):
 garbage-first heap   total 113664K, used 58135K [0x0000000080000000, 0x0000000100000000)
  region size 1024K, 5 young (5120K), 5 survivors (5120K)
 Metaspace       used 68471K, capacity 70536K, committed 70732K, reserved 577536K
  class space    used 9370K, capacity 10224K, committed 10316K, reserved 516096K
}
Event: 43.673 GC heap before
{Heap before GC invocations=44 (full 0):
 garbage-first heap   total 113664K, used 64279K [0x0000000080000000, 0x0000000100000000)
  region size 1024K, 12 young (12288K), 5 survivors (5120K)
 Metaspace       used 68566K, capacity 70712K, committed 70988K, reserved 577536K
  class space    used 9380K, capacity 10234K, committed 10316K, reserved 516096K
}
Event: 43.682 GC heap after
{Heap after GC invocations=45 (full 0):
 garbage-first heap   total 137216K, used 58651K [0x0000000080000000, 0x0000000100000000)
  region size 1024K, 3 young (3072K), 3 survivors (3072K)
 Metaspace       used 68566K, capacity 70712K, committed 70988K, reserved 577536K
  class space    used 9380K, capacity 10234K, committed 10316K, reserved 516096K
}
Event: 44.700 GC heap before
{Heap before GC invocations=46 (full 0):
 garbage-first heap   total 137216K, used 104731K [0x0000000080000000, 0x0000000100000000)
  region size 1024K, 45 young (46080K), 3 survivors (3072K)
 Metaspace       used 71938K, capacity 74154K, committed 74316K, reserved 579584K
  class space    used 9808K, capacity 10710K, committed 10828K, reserved 516096K
}
Event: 44.708 GC heap after
{Heap after GC invocations=47 (full 0):
 garbage-first heap   total 137216K, used 69250K [0x0000000080000000, 0x0000000100000000)
  region size 1024K, 6 young (6144K), 6 survivors (6144K)
 Metaspace       used 71938K, capacity 74154K, committed 74316K, reserved 579584K
  class space    used 9808K, capacity 10710K, committed 10828K, reserved 516096K
}
Event: 45.444 GC heap before
{Heap before GC invocations=47 (full 0):
 garbage-first heap   total 137216K, used 106114K [0x0000000080000000, 0x0000000100000000)
  region size 1024K, 43 young (44032K), 6 survivors (6144K)
 Metaspace       used 75564K, capacity 77766K, committed 78028K, reserved 583680K
  class space    used 10223K, capacity 11119K, committed 11212K, reserved 516096K
}
Event: 45.453 GC heap after
{Heap after GC invocations=48 (full 0):
 garbage-first heap   total 137216K, used 72444K [0x0000000080000000, 0x0000000100000000)
  region size 1024K, 3 young (3072K), 3 survivors (3072K)
 Metaspace       used 75564K, capacity 77766K, committed 78028K, reserved 583680K
  class space    used 10223K, capacity 11119K, committed 11212K, reserved 516096K
}
Event: 46.188 GC heap before
{Heap before GC invocations=49 (full 0):
 garbage-first heap   total 137216K, used 107260K [0x0000000080000000, 0x0000000100000000)
  region size 1024K, 38 young (38912K), 3 survivors (3072K)
 Metaspace       used 78793K, capacity 81095K, committed 81228K, reserved 585728K
  class space    used 10606K, capacity 11520K, committed 11596K, reserved 516096K
}
Event: 46.195 GC heap after
{Heap after GC invocations=50 (full 0):
 garbage-first heap   total 137216K, used 75107K [0x0000000080000000, 0x0000000100000000)
  region size 1024K, 3 young (3072K), 3 survivors (3072K)
 Metaspace       used 78793K, capacity 81095K, committed 81228K, reserved 585728K
  class space    used 10606K, capacity 11520K, committed 11596K, reserved 516096K
}
Event: 46.864 GC heap before
{Heap before GC invocations=51 (full 0):
 garbage-first heap   total 137216K, used 111971K [0x0000000080000000, 0x0000000100000000)
  region size 1024K, 38 young (38912K), 3 survivors (3072K)
 Metaspace       used 79853K, capacity 82315K, committed 82508K, reserved 587776K
  class space    used 10770K, capacity 11775K, committed 11852K, reserved 516096K
}
Event: 46.874 GC heap after
{Heap after GC invocations=52 (full 0):
 garbage-first heap   total 164864K, used 77780K [0x0000000080000000, 0x0000000100000000)
  region size 1024K, 5 young (5120K), 5 survivors (5120K)
 Metaspace       used 79853K, capacity 82315K, committed 82508K, reserved 587776K
  class space    used 10770K, capacity 11775K, committed 11852K, reserved 516096K
}
Event: 47.545 GC heap before
{Heap before GC invocations=52 (full 0):
 garbage-first heap   total 164864K, used 121812K [0x0000000080000000, 0x0000000100000000)
  region size 1024K, 48 young (49152K), 5 survivors (5120K)
 Metaspace       used 80236K, capacity 82684K, committed 82892K, reserved 587776K
  class space    used 10823K, capacity 11853K, committed 11980K, reserved 516096K
}
Event: 47.553 GC heap after
{Heap after GC invocations=53 (full 0):
 garbage-first heap   total 164864K, used 81582K [0x0000000080000000, 0x0000000100000000)
  region size 1024K, 6 young (6144K), 6 survivors (6144K)
 Metaspace       used 80236K, capacity 82684K, committed 82892K, reserved 587776K
  class space    used 10823K, capacity 11853K, committed 11980K, reserved 516096K
}
Event: 55.778 GC heap before
{Heap before GC invocations=53 (full 0):
 garbage-first heap   total 164864K, used 125614K [0x0000000080000000, 0x0000000100000000)
  region size 1024K, 49 young (50176K), 6 survivors (6144K)
 Metaspace       used 84694K, capacity 87255K, committed 87500K, reserved 591872K
  class space    used 11608K, capacity 12645K, committed 12748K, reserved 516096K
}
Event: 55.791 GC heap after
{Heap after GC invocations=54 (full 0):
 garbage-first heap   total 164864K, used 85431K [0x0000000080000000, 0x0000000100000000)
  region size 1024K, 7 young (7168K), 7 survivors (7168K)
 Metaspace       used 84694K, capacity 87255K, committed 87500K, reserved 591872K
  class space    used 11608K, capacity 12645K, committed 12748K, reserved 516096K
}

Deoptimization events (20 events):
Event: 56.096 Thread 0x00000177502dc800 DEOPT PACKING pc=0x000001773e8fe734 sp=0x00000071176f84a0
Event: 56.096 Thread 0x00000177502dc800 DEOPT UNPACKING pc=0x0000017736a8912f sp=0x00000071176f8468 mode 2
Event: 56.245 Thread 0x00000177502dc800 Uncommon trap: trap_request=0xffffff45 fr.pc=0x000001773ea22f30 relative=0x0000000000000390
Event: 56.245 Thread 0x00000177502dc800 Uncommon trap: reason=unstable_if action=reinterpret pc=0x000001773ea22f30 method=java.util.stream.AbstractPipeline.<init>(Ljava/util/stream/AbstractPipeline;I)V @ 69 c2
Event: 56.245 Thread 0x00000177502dc800 DEOPT PACKING pc=0x000001773ea22f30 sp=0x00000071176f5f50
Event: 56.245 Thread 0x00000177502dc800 DEOPT UNPACKING pc=0x0000017736a8912f sp=0x00000071176f5f18 mode 2
Event: 56.263 Thread 0x00000177502dc800 DEOPT PACKING pc=0x0000017738358e82 sp=0x00000071176f66d0
Event: 56.263 Thread 0x00000177502dc800 DEOPT UNPACKING pc=0x0000017736a8964e sp=0x00000071176f5b60 mode 0
Event: 56.312 Thread 0x00000177502dc800 DEOPT PACKING pc=0x00000177383449c9 sp=0x00000071176f6540
Event: 56.312 Thread 0x00000177502dc800 DEOPT UNPACKING pc=0x0000017736a8964e sp=0x00000071176f5a50 mode 0
Event: 56.377 Thread 0x00000177502dc800 DEOPT PACKING pc=0x00000177383449c9 sp=0x00000071176f57b0
Event: 56.377 Thread 0x00000177502dc800 DEOPT UNPACKING pc=0x0000017736a8964e sp=0x00000071176f4cc0 mode 0
Event: 56.382 Thread 0x00000177502dc800 DEOPT PACKING pc=0x000001773766ec12 sp=0x00000071176f4610
Event: 56.382 Thread 0x00000177502dc800 DEOPT UNPACKING pc=0x0000017736a8964e sp=0x00000071176f3b28 mode 0
Event: 56.384 Thread 0x00000177502dc800 DEOPT PACKING pc=0x000001773741a924 sp=0x00000071176f47b0
Event: 56.384 Thread 0x00000177502dc800 DEOPT UNPACKING pc=0x0000017736a8964e sp=0x00000071176f3cc8 mode 0
Event: 56.397 Thread 0x00000177502dc800 Uncommon trap: trap_request=0xffffff45 fr.pc=0x000001773ea03268 relative=0x0000000000001de8
Event: 56.397 Thread 0x00000177502dc800 Uncommon trap: reason=unstable_if action=reinterpret pc=0x000001773ea03268 method=org.codehaus.groovy.reflection.CachedMethod.compareToMethod(Ljava/lang/reflect/Method;)I @ 71 c2
Event: 56.397 Thread 0x00000177502dc800 DEOPT PACKING pc=0x000001773ea03268 sp=0x00000071176f5950
Event: 56.397 Thread 0x00000177502dc800 DEOPT UNPACKING pc=0x0000017736a8912f sp=0x00000071176f58c0 mode 2

Classes unloaded (7 events):
Event: 37.154 Thread 0x000001774dc90800 Unloading class 0x000000080123cc40 'org/gradle/internal/model/CalculatedValueContainer$CalculationState$$Lambda$710'
Event: 37.154 Thread 0x000001774dc90800 Unloading class 0x000000080123c840 'org/gradle/internal/model/CalculatedValueContainer$CalculationState$$Lambda$709'
Event: 37.154 Thread 0x000001774dc90800 Unloading class 0x000000080123d440 'org/gradle/internal/model/CalculatedValueContainer$CalculationState$$Lambda$708'
Event: 37.154 Thread 0x000001774dc90800 Unloading class 0x000000080123dc40 'org/gradle/internal/model/CalculatedValueContainer$CalculationState$$Lambda$706'
Event: 37.154 Thread 0x000001774dc90800 Unloading class 0x000000080123d840 'org/gradle/internal/operations/DefaultBuildOperationQueue$WorkerRunnable$$Lambda$705'
Event: 37.154 Thread 0x000001774dc90800 Unloading class 0x000000080123e040 'org/gradle/internal/operations/DefaultBuildOperationQueue$WorkerRunnable$$Lambda$703'
Event: 45.557 Thread 0x000001774dc90800 Unloading class 0x00000008014b8440 'org/gradle/execution/plan/DefaultPlanExecutor$ExecutorWorker$$Lambda$1023'

Classes redefined (0 events):
No events

Internal exceptions (20 events):
Event: 56.309 Thread 0x00000177502dc800 Exception <a 'java/lang/ClassNotFoundException'{0x00000000885d6b48}: org/gradle/api/internal/tasks/DefaultTaskContainer$TaskCreatingProvider_DecoratedCustomizer> (0x00000000885d6b48) 
thrown [t:/workspace/open/src/hotspot/share/classfile/systemDictionary.cpp, line 232]
Event: 56.319 Thread 0x00000177502dc800 Exception <a 'java/lang/ClassNotFoundException'{0x0000000088442320}: com/android/build/OutputFileBeanInfo> (0x0000000088442320) 
thrown [t:/workspace/open/src/hotspot/share/classfile/systemDictionary.cpp, line 232]
Event: 56.320 Thread 0x00000177502dc800 Exception <a 'java/lang/ClassNotFoundException'{0x000000008845b7d8}: com/android/build/OutputFileCustomizer> (0x000000008845b7d8) 
thrown [t:/workspace/open/src/hotspot/share/classfile/systemDictionary.cpp, line 232]
Event: 56.334 Thread 0x00000177502dc800 Exception <a 'java/lang/NoClassDefFoundError'{0x00000000883189e8}: org/jetbrains/kotlin/gradle/plugin/KotlinBasePluginWrapper> (0x00000000883189e8) 
thrown [t:/workspace/open/src/hotspot/share/classfile/systemDictionary.cpp, line 221]
Event: 56.361 Thread 0x00000177502dc800 Exception <a 'java/lang/ClassNotFoundException'{0x0000000088208e48}: com/google/android/gms/dependencies/DependencyAnalyzerBeanInfo> (0x0000000088208e48) 
thrown [t:/workspace/open/src/hotspot/share/classfile/systemDictionary.cpp, line 232]
Event: 56.361 Thread 0x00000177502dc800 Exception <a 'java/lang/ClassNotFoundException'{0x0000000088224f80}: com/google/android/gms/dependencies/DependencyAnalyzerCustomizer> (0x0000000088224f80) 
thrown [t:/workspace/open/src/hotspot/share/classfile/systemDictionary.cpp, line 232]
Event: 56.368 Thread 0x00000177502dc800 Exception <a 'java/lang/ClassNotFoundException'{0x00000000882906b8}: com/google/android/gms/dependencies/DependencyInspectorBeanInfo> (0x00000000882906b8) 
thrown [t:/workspace/open/src/hotspot/share/classfile/systemDictionary.cpp, line 232]
Event: 56.369 Thread 0x00000177502dc800 Exception <a 'java/lang/ClassNotFoundException'{0x00000000882ac870}: com/google/android/gms/dependencies/DependencyInspectorCustomizer> (0x00000000882ac870) 
thrown [t:/workspace/open/src/hotspot/share/classfile/systemDictionary.cpp, line 232]
Event: 56.383 Thread 0x00000177502dc800 Exception <a 'java/lang/ClassNotFoundException'{0x00000000880db6c0}: org/codehaus/groovy/runtime/MethodClosureBeanInfo> (0x00000000880db6c0) 
thrown [t:/workspace/open/src/hotspot/share/classfile/systemDictionary.cpp, line 232]
Event: 56.387 Thread 0x00000177502dc800 Exception <a 'java/lang/ClassNotFoundException'{0x0000000087ea9bf8}: org/codehaus/groovy/runtime/MethodClosureCustomizer> (0x0000000087ea9bf8) 
thrown [t:/workspace/open/src/hotspot/share/classfile/systemDictionary.cpp, line 232]
Event: 56.391 Thread 0x00000177502dc800 Exception <a 'java/lang/ClassNotFoundException'{0x0000000087d1be50}: org/gradle/api/internal/artifacts/configurations/DefaultConfiguration$ConfigurationResolvableDependencies_DecoratedBeanInfo> (0x0000000087d1be50) 
thrown [t:/workspace/open/src/hotspot/share/classfile/systemDictionary.cpp, line 232]
Event: 56.393 Thread 0x00000177502dc800 Exception <a 'java/lang/ClassNotFoundException'{0x0000000087d55d28}: org/gradle/api/internal/artifacts/configurations/DefaultConfiguration$ConfigurationResolvableDependenciesBeanInfo> (0x0000000087d55d28) 
thrown [t:/workspace/open/src/hotspot/share/classfile/systemDictionary.cpp, line 232]
Event: 56.394 Thread 0x00000177502dc800 Exception <a 'java/lang/ClassNotFoundException'{0x0000000087d910c0}: org/gradle/api/internal/artifacts/configurations/DefaultConfiguration$ConfigurationResolvableDependenciesCustomizer> (0x0000000087d910c0) 
thrown [t:/workspace/open/src/hotspot/share/classfile/systemDictionary.cpp, line 232]
Event: 56.396 Thread 0x00000177502dc800 Exception <a 'java/lang/ClassNotFoundException'{0x0000000087ddd368}: org/gradle/api/internal/artifacts/configurations/DefaultConfiguration$ConfigurationResolvableDependencies_DecoratedCustomizer> (0x0000000087ddd368) 
thrown [t:/workspace/open/src/hotspot/share/classfile/systemDictionary.cpp, line 232]
Event: 56.424 Thread 0x00000177502dc800 Exception <a 'java/lang/ClassNotFoundException'{0x0000000087cd7708}: org/gradle/api/internal/file/copy/CopySpecWrapper_DecoratedBeanInfo> (0x0000000087cd7708) 
thrown [t:/workspace/open/src/hotspot/share/classfile/systemDictionary.cpp, line 232]
Event: 56.425 Thread 0x00000177502dc800 Exception <a 'java/lang/ClassNotFoundException'{0x0000000087cf4350}: org/gradle/api/internal/file/copy/CopySpecWrapperBeanInfo> (0x0000000087cf4350) 
thrown [t:/workspace/open/src/hotspot/share/classfile/systemDictionary.cpp, line 232]
Event: 56.427 Thread 0x00000177502dc800 Exception <a 'java/lang/ClassNotFoundException'{0x0000000087b12508}: org/gradle/api/internal/file/copy/CopySpecWrapperCustomizer> (0x0000000087b12508) 
thrown [t:/workspace/open/src/hotspot/share/classfile/systemDictionary.cpp, line 232]
Event: 56.430 Thread 0x00000177502dc800 Exception <a 'java/lang/ClassNotFoundException'{0x0000000087b76e70}: org/gradle/api/internal/file/copy/CopySpecWrapper_DecoratedCustomizer> (0x0000000087b76e70) 
thrown [t:/workspace/open/src/hotspot/share/classfile/systemDictionary.cpp, line 232]
Event: 56.440 Thread 0x00000177502dc800 Exception <a 'java/lang/ClassNotFoundException'{0x0000000087bfb050}: react_73biuy97epdjwi2bppdk5n673$_run_closure8BeanInfo> (0x0000000087bfb050) 
thrown [t:/workspace/open/src/hotspot/share/classfile/systemDictionary.cpp, line 232]
Event: 56.441 Thread 0x00000177502dc800 Exception <a 'java/lang/ClassNotFoundException'{0x0000000087a0a1e0}: react_73biuy97epdjwi2bppdk5n673$_run_closure8Customizer> (0x0000000087a0a1e0) 
thrown [t:/workspace/open/src/hotspot/share/classfile/systemDictionary.cpp, line 232]

Events (20 events):
Event: 56.438 loading class groovy/runtime/metaclass/react_73biuy97epdjwi2bppdk5n673$_run_closure8$_closure11MetaClass
Event: 56.438 loading class groovy/runtime/metaclass/react_73biuy97epdjwi2bppdk5n673$_run_closure8$_closure11MetaClass done
Event: 56.440 loading class react_73biuy97epdjwi2bppdk5n673$_run_closure8BeanInfo
Event: 56.440 loading class react_73biuy97epdjwi2bppdk5n673$_run_closure8BeanInfo done
Event: 56.440 loading class react_73biuy97epdjwi2bppdk5n673$_run_closure8BeanInfo
Event: 56.440 loading class react_73biuy97epdjwi2bppdk5n673$_run_closure8BeanInfo done
Event: 56.441 loading class react_73biuy97epdjwi2bppdk5n673$_run_closure8Customizer
Event: 56.441 loading class react_73biuy97epdjwi2bppdk5n673$_run_closure8Customizer done
Event: 56.441 loading class react_73biuy97epdjwi2bppdk5n673$_run_closure8Customizer
Event: 56.441 loading class react_73biuy97epdjwi2bppdk5n673$_run_closure8Customizer done
Event: 56.456 loading class org/codehaus/groovy/runtime/dgm$1005
Event: 56.456 loading class org/codehaus/groovy/runtime/dgm$1005 done
Event: 56.457 loading class org/codehaus/groovy/runtime/FlushingStreamWriter
Event: 56.457 loading class org/codehaus/groovy/runtime/FlushingStreamWriter done
Event: 56.457 loading class org/codehaus/groovy/runtime/IteratorClosureAdapter
Event: 56.457 loading class org/codehaus/groovy/runtime/IteratorClosureAdapter done
Event: 56.458 Executing VM operation: Deoptimize
Event: 56.460 Executing VM operation: Deoptimize done
Event: 56.460 loading class org/codehaus/groovy/runtime/IOGroovyMethods$1
Event: 56.460 loading class org/codehaus/groovy/runtime/IOGroovyMethods$1 done


Dynamic libraries:
0x00007ff600a60000 - 0x00007ff600a6f000 	C:\Program Files\Java\jdk-13.0.2\bin\java.exe
0x00007fff551d0000 - 0x00007fff553e4000 	C:\WINDOWS\SYSTEM32\ntdll.dll
0x00007fff53170000 - 0x00007fff53232000 	C:\WINDOWS\System32\KERNEL32.DLL
0x00007fff52940000 - 0x00007fff52cdc000 	C:\WINDOWS\System32\KERNELBASE.dll
0x00007fff52ce0000 - 0x00007fff52df1000 	C:\WINDOWS\System32\ucrtbase.dll
0x00007fff14200000 - 0x00007fff14215000 	C:\Program Files\Java\jdk-13.0.2\bin\VCRUNTIME140.dll
0x00007fff1a2d0000 - 0x00007fff1a2e8000 	C:\Program Files\Java\jdk-13.0.2\bin\jli.dll
0x00007fff54bc0000 - 0x00007fff54c6e000 	C:\WINDOWS\System32\ADVAPI32.dll
0x00007fff53570000 - 0x00007fff53617000 	C:\WINDOWS\System32\msvcrt.dll
0x00007fff53d20000 - 0x00007fff53dc4000 	C:\WINDOWS\System32\sechost.dll
0x00007fff53e30000 - 0x00007fff53f47000 	C:\WINDOWS\System32\RPCRT4.dll
0x00007fff53620000 - 0x00007fff537cb000 	C:\WINDOWS\System32\USER32.dll
0x00007fff52fb0000 - 0x00007fff52fd6000 	C:\WINDOWS\System32\win32u.dll
0x00007fff422e0000 - 0x00007fff4256e000 	C:\WINDOWS\WinSxS\amd64_microsoft.windows.common-controls_6595b64144ccf1df_6.0.22621.608_none_a9444ca7c10bb01d\COMCTL32.dll
0x00007fff54c70000 - 0x00007fff54c99000 	C:\WINDOWS\System32\GDI32.dll
0x00007fff52610000 - 0x00007fff52723000 	C:\WINDOWS\System32\gdi32full.dll
0x00007fff528a0000 - 0x00007fff5293a000 	C:\WINDOWS\System32\msvcp_win.dll
0x00007fff4bc20000 - 0x00007fff4bc2a000 	C:\WINDOWS\SYSTEM32\VERSION.dll
0x00007fff537d0000 - 0x00007fff53801000 	C:\WINDOWS\System32\IMM32.DLL
0x00007fff039f0000 - 0x00007fff03a8b000 	C:\Program Files\Java\jdk-13.0.2\bin\msvcp140.dll
0x00007fff2a8c0000 - 0x00007fff2b41d000 	C:\Program Files\Java\jdk-13.0.2\bin\server\jvm.dll
0x00007fff530e0000 - 0x00007fff530e8000 	C:\WINDOWS\System32\PSAPI.DLL
0x00007fff3bee0000 - 0x00007fff3bee9000 	C:\WINDOWS\SYSTEM32\WSOCK32.dll
0x00007fff55110000 - 0x00007fff55181000 	C:\WINDOWS\System32\WS2_32.dll
0x00007fff4b980000 - 0x00007fff4b9b4000 	C:\WINDOWS\SYSTEM32\WINMM.dll
0x00007fff51750000 - 0x00007fff51768000 	C:\WINDOWS\SYSTEM32\kernel.appcore.dll
0x00007fff2d0d0000 - 0x00007fff2d0e0000 	C:\Program Files\Java\jdk-13.0.2\bin\verify.dll
0x00007fff3edc0000 - 0x00007fff3efee000 	C:\WINDOWS\SYSTEM32\DBGHELP.DLL
0x00007fff54ca0000 - 0x00007fff55029000 	C:\WINDOWS\System32\combase.dll
0x00007fff54ae0000 - 0x00007fff54bb7000 	C:\WINDOWS\System32\OLEAUT32.dll
0x00007fff3ec10000 - 0x00007fff3ec42000 	C:\WINDOWS\SYSTEM32\dbgcore.DLL
0x00007fff52e00000 - 0x00007fff52e7b000 	C:\WINDOWS\System32\bcryptPrimitives.dll
0x00007fff2b490000 - 0x00007fff2b4b6000 	C:\Program Files\Java\jdk-13.0.2\bin\java.dll
0x00007fff2a570000 - 0x00007fff2a587000 	C:\Program Files\Java\jdk-13.0.2\bin\zip.dll
0x00007fff2d0c0000 - 0x00007fff2d0ca000 	C:\Program Files\Java\jdk-13.0.2\bin\jimage.dll
0x00007fff54290000 - 0x00007fff54a80000 	C:\WINDOWS\System32\SHELL32.dll
0x00007fff50630000 - 0x00007fff50efd000 	C:\WINDOWS\SYSTEM32\windows.storage.dll
0x00007fff504f0000 - 0x00007fff5062e000 	C:\WINDOWS\SYSTEM32\wintypes.dll
0x00007fff52fe0000 - 0x00007fff530d1000 	C:\WINDOWS\System32\SHCORE.dll
0x00007fff53dd0000 - 0x00007fff53e2e000 	C:\WINDOWS\System32\shlwapi.dll
0x00007fff52540000 - 0x00007fff52561000 	C:\WINDOWS\SYSTEM32\profapi.dll
0x00007fff267e0000 - 0x00007fff267f9000 	C:\Program Files\Java\jdk-13.0.2\bin\net.dll
0x00007fff4afe0000 - 0x00007fff4b117000 	C:\WINDOWS\SYSTEM32\WINHTTP.dll
0x00007fff51bc0000 - 0x00007fff51c29000 	C:\WINDOWS\system32\mswsock.dll
0x00007fff264d0000 - 0x00007fff264e3000 	C:\Program Files\Java\jdk-13.0.2\bin\nio.dll
0x00007fff123c0000 - 0x00007fff123e7000 	C:\Users\ElifEylul\.gradle\native\e1d6ef7f7dcc3fd88c89a11ec53ec762bb8ba0a96d01ffa2cd45eb1d1d8dd5c5\windows-amd64\native-platform.dll
0x00007fff034d0000 - 0x00007fff03614000 	C:\Users\ElifEylul\.gradle\native\0d407fdbe67a94daf76414ababcb853783967236a71b16ec16e742cd7a986fd3\windows-amd64\native-platform-file-events.dll
0x00007fff23050000 - 0x00007fff23059000 	C:\Program Files\Java\jdk-13.0.2\bin\management.dll
0x00007fff1ed90000 - 0x00007fff1ed9b000 	C:\Program Files\Java\jdk-13.0.2\bin\management_ext.dll
0x00007fff51e30000 - 0x00007fff51e4b000 	C:\WINDOWS\SYSTEM32\CRYPTSP.dll
0x00007fff516c0000 - 0x00007fff516f5000 	C:\WINDOWS\system32\rsaenh.dll
0x00007fff51cc0000 - 0x00007fff51ce8000 	C:\WINDOWS\SYSTEM32\USERENV.dll
0x00007fff51fc0000 - 0x00007fff51fe8000 	C:\WINDOWS\SYSTEM32\bcrypt.dll
0x00007fff51e20000 - 0x00007fff51e2c000 	C:\WINDOWS\SYSTEM32\CRYPTBASE.dll
0x00007fff51200000 - 0x00007fff5122d000 	C:\WINDOWS\SYSTEM32\IPHLPAPI.DLL
0x00007fff53f50000 - 0x00007fff53f59000 	C:\WINDOWS\System32\NSI.dll
0x00007fff4a900000 - 0x00007fff4a919000 	C:\WINDOWS\SYSTEM32\dhcpcsvc6.DLL
0x00007fff4a8e0000 - 0x00007fff4a8ff000 	C:\WINDOWS\SYSTEM32\dhcpcsvc.DLL
0x00007fff51230000 - 0x00007fff51323000 	C:\WINDOWS\SYSTEM32\DNSAPI.dll
0x00007fff27f40000 - 0x00007fff27f4e000 	C:\Program Files\Java\jdk-13.0.2\bin\sunmscapi.dll
0x00007fff52730000 - 0x00007fff52896000 	C:\WINDOWS\System32\CRYPT32.dll
0x00007fff51f90000 - 0x00007fff51fbe000 	C:\WINDOWS\SYSTEM32\ncrypt.dll
0x00007fff51f50000 - 0x00007fff51f87000 	C:\WINDOWS\SYSTEM32\NTASN1.dll
0x00007fff10350000 - 0x00007fff10375000 	C:\Program Files\Java\jdk-13.0.2\bin\sunec.dll
0x00007fff42050000 - 0x00007fff4205a000 	C:\Windows\System32\rasadhlp.dll
0x00007fff49450000 - 0x00007fff494d3000 	C:\WINDOWS\System32\fwpuclnt.dll

dbghelp: loaded successfully - version: 4.0.5 - missing functions: none
symbol engine: initialized successfully - sym options: 0x614 - pdb path: .;C:\Program Files\Java\jdk-13.0.2\bin;C:\WINDOWS\SYSTEM32;C:\WINDOWS\WinSxS\amd64_microsoft.windows.common-controls_6595b64144ccf1df_6.0.22621.608_none_a9444ca7c10bb01d;C:\Program Files\Java\jdk-13.0.2\bin\server;C:\Users\ElifEylul\.gradle\native\e1d6ef7f7dcc3fd88c89a11ec53ec762bb8ba0a96d01ffa2cd45eb1d1d8dd5c5\windows-amd64;C:\Users\ElifEylul\.gradle\native\0d407fdbe67a94daf76414ababcb853783967236a71b16ec16e742cd7a986fd3\windows-amd64

VM Arguments:
jvm_args: -XX:MaxMetaspaceSize=512m --add-opens=java.base/java.util=ALL-UNNAMED --add-opens=java.base/java.lang=ALL-UNNAMED --add-opens=java.base/java.lang.invoke=ALL-UNNAMED --add-opens=java.base/java.util=ALL-UNNAMED --add-opens=java.prefs/java.util.prefs=ALL-UNNAMED --add-opens=java.prefs/java.util.prefs=ALL-UNNAMED --add-opens=java.base/java.nio.charset=ALL-UNNAMED --add-opens=java.base/java.net=ALL-UNNAMED --add-opens=java.base/java.util.concurrent.atomic=ALL-UNNAMED -Xmx2048m -Dfile.encoding=windows-1254 -Duser.country=TR -Duser.language=tr -Duser.variant 
java_command: org.gradle.launcher.daemon.bootstrap.GradleDaemon 7.5.1
java_class_path (initial): C:\Users\ElifEylul\.gradle\wrapper\dists\gradle-7.5.1-all\1ehga6e77gqps5uk2kc5kf1vc\gradle-7.5.1\lib\gradle-launcher-7.5.1.jar
Launcher Type: SUN_STANDARD

[Global flags]
     intx CICompilerCount                          = 4                                         {product} {ergonomic}
   size_t CompressedClassSpaceSize                 = 528482304                                 {product} {ergonomic}
     uint ConcGCThreads                            = 2                                         {product} {ergonomic}
     uint G1ConcRefinementThreads                  = 8                                         {product} {ergonomic}
   size_t G1HeapRegionSize                         = 1048576                                   {product} {ergonomic}
    uintx GCDrainStackTargetSize                   = 64                                        {product} {ergonomic}
   size_t InitialHeapSize                          = 134217728                                 {product} {ergonomic}
   size_t MarkStackSize                            = 4194304                                   {product} {ergonomic}
   size_t MaxHeapSize                              = 2147483648                                {product} {command line}
   size_t MaxMetaspaceSize                         = 536870912                                 {product} {command line}
   size_t MaxNewSize                               = 1287651328                                {product} {ergonomic}
   size_t MinHeapDeltaBytes                        = 1048576                                   {product} {ergonomic}
   size_t MinHeapSize                              = 8388608                                   {product} {ergonomic}
    uintx NonNMethodCodeHeapSize                   = 5839372                                {pd product} {ergonomic}
    uintx NonProfiledCodeHeapSize                  = 122909434                              {pd product} {ergonomic}
    uintx ProfiledCodeHeapSize                     = 122909434                              {pd product} {ergonomic}
    uintx ReservedCodeCacheSize                    = 251658240                              {pd product} {ergonomic}
     bool SegmentedCodeCache                       = true                                      {product} {ergonomic}
   size_t SoftMaxHeapSize                          = 2147483648                             {manageable} {ergonomic}
     bool UseCompressedClassPointers               = true                                 {lp64_product} {ergonomic}
     bool UseCompressedOops                        = true                                 {lp64_product} {ergonomic}
     bool UseG1GC                                  = true                                      {product} {ergonomic}
     bool UseLargePagesIndividualAllocation        = false                                  {pd product} {ergonomic}

Logging:
Log output configuration:
 #0: stdout all=warning uptime,level,tags
 #1: stderr all=off uptime,level,tags

Environment Variables:
JAVA_HOME=C:\Program Files\Java\jdk-13.0.2
CLASSPATH=C:\Users\ElifEylul\reactNativeP\tezProjesi\android\\gradle\wrapper\gradle-wrapper.jar
PATH=C:\Users\ElifEylul\reactNativeP\tezProjesi\android\node_modules\.bin;C:\Users\ElifEylul\reactNativeP\tezProjesi\node_modules\.bin;C:\Users\ElifEylul\reactNativeP\node_modules\.bin;C:\Users\ElifEylul\node_modules\.bin;C:\Users\node_modules\.bin;C:\node_modules\.bin;C:\Program Files\nodejs;C:\Users\ElifEylul\reactNativeP\tezProjesi\node_modules\.bin;C:\Users\ElifEylul\reactNativeP\node_modules\.bin;C:\Users\ElifEylul\node_modules\.bin;C:\Users\node_modules\.bin;C:\node_modules\.bin;C:\Users\ElifEylul\AppData\Roaming\npm\node_modules\npm\node_modules\@npmcli\run-script\lib\node-gyp-bin;C:\Program Files (x86)\Google\Chrome\Application;C:\Program Files (x86)\Common Files\Oracle\Java\javapath;C:\Program Files (x86)\Intel\Intel(R) Management Engine Components\iCLS\;C:\Program Files\Intel\Intel(R) Management Engine Components\iCLS\;C:\Windows\system32;C:\Windows;C:\Windows\System32\Wbem;C:\Windows\System32\WindowsPowerShell\v1.0\;C:\Windows\System32\OpenSSH\;C:\Program Files (x86)\Intel\Intel(R) Management Engine Components\DAL;C:\Program Files\Intel\Intel(R) Management Engine Components\DAL;C:\Program Files (x86)\NVIDIA Corporation\PhysX\Common;C:\Program Files\Microsoft SQL Server\Client SDK\ODBC\170\Tools\Binn\;C:\Program Files (x86)\Microsoft SQL Server\150\Tools\Binn\;C:\Program Files\Microsoft SQL Server\150\Tools\Binn\;C:\Program Files\Microsoft SQL Server\150\DTS\Binn\;C:\Program Files (x86)\Microsoft SQL Server\150\DTS\Binn\;C:\WINDOWS\system32;C:\WINDOWS;C:\WINDOWS\System32\Wbem;C:\WINDOWS\System32\WindowsPowerShell\v1.0\;C:\WINDOWS\System32\OpenSSH\;C:\Program Files (x86)\Brackets\command;C:\Program Files\dotnet\;C:\Program Files\Git\cmd;C:\Program Files\nodejs\;c:\users\elifeylul\appdata\local\programs\python\python311;C:\Users\ElifEylul\AppData\Local\Programs\Python\Python311\Scripts\;C:\Users\ElifEylul\AppData\Local\Programs\Python\Python311\;C:\Users\ElifEylul\AppData\Roaming\npmC:\Program Files\nodejs\;C:\Users\Elif Eylül\AppData\Local\Programs\Python\Pyth
USERNAME=ElifEylul
OS=Windows_NT
PROCESSOR_IDENTIFIER=Intel64 Family 6 Model 142 Stepping 10, GenuineIntel



---------------  S Y S T E M  ---------------

OS: Windows 10 , 64 bit Build 22621 (10.0.22621.1485)

CPU:total 8 (initial active 8) (4 cores per cpu, 2 threads per core) family 6 model 142 stepping 10, cmov, cx8, fxsr, mmx, sse, sse2, sse3, ssse3, sse4.1, sse4.2, popcnt, avx, avx2, aes, clmul, erms, 3dnowpref, lzcnt, ht, tsc, tscinvbit, bmi1, bmi2, adx, fma

Memory: 4k page, system-wide physical 8101M (623M free)
TotalPageFile size 15990M (AvailPageFile size 11M)
current process WorkingSet (physical memory assigned to process): 442M, peak: 447M
current process commit charge ("private bytes"): 488M, peak: 493M

vm_info: Java HotSpot(TM) 64-Bit Server VM (13.0.2+8) for windows-amd64 JRE (13.0.2+8), built on Dec 11 2019 09:20:33 by "mach5one" with unknown MS VC++:1916

END.
